#
# There is insufficient memory for the Java Runtime Environment to continue.
# Native memory allocation (malloc) failed to allocate 1818896 bytes for Chunk::new
# Possible reasons:
#   The system is out of physical RAM or swap space
#   The process is running with CompressedOops enabled, and the Java Heap may be blocking the growth of the native heap
# Possible solutions:
#   Reduce memory load on the system
#   Increase physical memory or swap space
#   Check if swap backing store is full
#   Decrease Java heap size (-Xmx/-Xms)
#   Decrease number of Java threads
#   Decrease Java thread stack sizes (-Xss)
#   Set larger code cache with -XX:ReservedCodeCacheSize=
#   JVM is running with Unscaled Compressed Oops mode in which the Java heap is
#     placed in the first 4GB address space. The Java Heap base address is the
#     maximum limit for the native heap growth. Please use -XX:HeapBaseMinAddress
#     to set the Java Heap base and to place the Java Heap above 4GB virtual address.
# This output file may be truncated or incomplete.
#
#  Out of Memory Error (./src/hotspot/share/memory/arena.cpp:197), pid=11992, tid=10700
#
# JRE version: OpenJDK Runtime Environment (11.0.10) (build 11.0.10+0-b96-7249189)
# Java VM: OpenJDK 64-Bit Server VM (11.0.10+0-b96-7249189, mixed mode, tiered, compressed oops, g1 gc, windows-amd64)
# No core dump will be written. Minidumps are not enabled by default on client versions of Windows
#

---------------  S U M M A R Y ------------

Command Line: --add-opens=java.base/java.util=ALL-UNNAMED --add-opens=java.base/java.lang=ALL-UNNAMED --add-opens=java.base/java.lang.invoke=ALL-UNNAMED --add-opens=java.base/java.util=ALL-UNNAMED --add-opens=java.prefs/java.util.prefs=ALL-UNNAMED --add-opens=java.prefs/java.util.prefs=ALL-UNNAMED --add-opens=java.base/java.nio.charset=ALL-UNNAMED --add-opens=java.base/java.net=ALL-UNNAMED --add-opens=java.base/java.util.concurrent.atomic=ALL-UNNAMED -Xmx2048m -Dfile.encoding=UTF-8 -Duser.country=PL -Duser.language=pl -Duser.variant org.gradle.launcher.daemon.bootstrap.GradleDaemon 7.0.2

Host: Intel(R) Core(TM) i5-7200U CPU @ 2.50GHz, 4 cores, 7G,  Windows 10 , 64 bit Build 19041 (10.0.19041.1466)
Time: Sun Jan 30 23:44:54 2022 Œrodkowoeuropejski czas stand. elapsed time: 14.312849 seconds (0d 0h 0m 14s)

---------------  T H R E A D  ---------------

Current thread (0x000001c47bd07800):  JavaThread "C2 CompilerThread0" daemon [_thread_in_native, id=10700, stack(0x0000003855e00000,0x0000003855f00000)]


Current CompileTask:
C2:  14312 2112       4       java.net.URLClassLoader$1::run (5 bytes)

Stack: [0x0000003855e00000,0x0000003855f00000]
Native frames: (J=compiled Java code, j=interpreted, Vv=VM code, C=native code)
V  [jvm.dll+0x5ecfaa]
V  [jvm.dll+0x722bd5]
V  [jvm.dll+0x72412d]
V  [jvm.dll+0x7247e3]
V  [jvm.dll+0x242928]
V  [jvm.dll+0xbc4fc]
V  [jvm.dll+0xbca0c]
V  [jvm.dll+0x352d3b]
V  [jvm.dll+0x320ad3]
V  [jvm.dll+0x31ffca]
V  [jvm.dll+0x1fb602]
V  [jvm.dll+0x1fa7f4]
V  [jvm.dll+0x18354c]
V  [jvm.dll+0x208ee7]
V  [jvm.dll+0x207731]
V  [jvm.dll+0x6eb1cf]
V  [jvm.dll+0x6e3d45]
V  [jvm.dll+0x5ebe96]
C  [ucrtbase.dll+0x21bb2]
C  [KERNEL32.DLL+0x17034]
C  [ntdll.dll+0x52651]


---------------  P R O C E S S  ---------------

Threads class SMR info:
_java_thread_list=0x000001c47d3e4fd0, length=23, elements={
0x000001c4619cb000, 0x000001c47bcdb800, 0x000001c47bce8800, 0x000001c47bcfb000,
0x000001c47bcfc000, 0x000001c47bcfd000, 0x000001c47bd07800, 0x000001c47bd0b800,
0x000001c47bd13000, 0x000001c47c7ce800, 0x000001c47d834000, 0x000001c47dff3000,
0x000001c47d28a000, 0x000001c47dde8000, 0x000001c47d182800, 0x000001c47d183800,
0x000001c47e219000, 0x000001c47df4d800, 0x000001c47e1f8800, 0x000001c47d10f000,
0x000001c47d111000, 0x000001c47d111800, 0x000001c47d112800
}

Java Threads: ( => current thread )
  0x000001c4619cb000 JavaThread "main" [_thread_blocked, id=12600, stack(0x0000003855200000,0x0000003855300000)]
  0x000001c47bcdb800 JavaThread "Reference Handler" daemon [_thread_blocked, id=1568, stack(0x0000003855900000,0x0000003855a00000)]
  0x000001c47bce8800 JavaThread "Finalizer" daemon [_thread_blocked, id=7328, stack(0x0000003855a00000,0x0000003855b00000)]
  0x000001c47bcfb000 JavaThread "Signal Dispatcher" daemon [_thread_blocked, id=9008, stack(0x0000003855b00000,0x0000003855c00000)]
  0x000001c47bcfc000 JavaThread "Attach Listener" daemon [_thread_blocked, id=17600, stack(0x0000003855c00000,0x0000003855d00000)]
  0x000001c47bcfd000 JavaThread "Service Thread" daemon [_thread_blocked, id=10068, stack(0x0000003855d00000,0x0000003855e00000)]
=>0x000001c47bd07800 JavaThread "C2 CompilerThread0" daemon [_thread_in_native, id=10700, stack(0x0000003855e00000,0x0000003855f00000)]
  0x000001c47bd0b800 JavaThread "C1 CompilerThread0" daemon [_thread_in_native, id=6180, stack(0x0000003855f00000,0x0000003856000000)]
  0x000001c47bd13000 JavaThread "Sweeper thread" daemon [_thread_blocked, id=14844, stack(0x0000003856000000,0x0000003856100000)]
  0x000001c47c7ce800 JavaThread "Common-Cleaner" daemon [_thread_blocked, id=3052, stack(0x0000003856100000,0x0000003856200000)]
  0x000001c47d834000 JavaThread "Daemon health stats" [_thread_blocked, id=13076, stack(0x0000003856500000,0x0000003856600000)]
  0x000001c47dff3000 JavaThread "Incoming local TCP Connector on port 51069" [_thread_in_native, id=5676, stack(0x0000003856600000,0x0000003856700000)]
  0x000001c47d28a000 JavaThread "Daemon periodic checks" [_thread_blocked, id=18668, stack(0x0000003856700000,0x0000003856800000)]
  0x000001c47dde8000 JavaThread "Daemon" [_thread_blocked, id=9816, stack(0x0000003856800000,0x0000003856900000)]
  0x000001c47d182800 JavaThread "Handler for socket connection from /127.0.0.1:51069 to /127.0.0.1:51070" [_thread_in_native, id=10556, stack(0x0000003856900000,0x0000003856a00000)]
  0x000001c47d183800 JavaThread "Cancel handler" [_thread_blocked, id=2272, stack(0x0000003856a00000,0x0000003856b00000)]
  0x000001c47e219000 JavaThread "Daemon worker" [_thread_in_vm, id=13936, stack(0x0000003856b00000,0x0000003856c00000)]
  0x000001c47df4d800 JavaThread "Asynchronous log dispatcher for DefaultDaemonConnection: socket connection from /127.0.0.1:51069 to /127.0.0.1:51070" [_thread_blocked, id=12496, stack(0x0000003856c00000,0x0000003856d00000)]
  0x000001c47e1f8800 JavaThread "Stdin handler" [_thread_blocked, id=4344, stack(0x0000003856d00000,0x0000003856e00000)]
  0x000001c47d10f000 JavaThread "Daemon client event forwarder" [_thread_blocked, id=7024, stack(0x0000003856e00000,0x0000003856f00000)]
  0x000001c47d111000 JavaThread "Cache worker for file hash cache (C:\Users\ryo88\.gradle\caches\7.0.2\fileHashes)" [_thread_blocked, id=5220, stack(0x0000003856f00000,0x0000003857000000)]
  0x000001c47d111800 JavaThread "File lock request listener" [_thread_in_native, id=17268, stack(0x0000003857000000,0x0000003857100000)]
  0x000001c47d112800 JavaThread "Cache worker for journal cache (C:\Users\ryo88\.gradle\caches\journal-1)" [_thread_blocked, id=11972, stack(0x0000003857200000,0x0000003857300000)]

Other Threads:
  0x000001c47bc9e000 VMThread "VM Thread" [stack: 0x0000003855800000,0x0000003855900000] [id=8800]
  0x000001c47c819800 WatcherThread [stack: 0x0000003856200000,0x0000003856300000] [id=7340]
  0x000001c4619e3800 GCTaskThread "GC Thread#0" [stack: 0x0000003855300000,0x0000003855400000] [id=12368]
  0x000001c47cdce000 GCTaskThread "GC Thread#1" [stack: 0x0000003856300000,0x0000003856400000] [id=15712]
  0x000001c47ce54800 GCTaskThread "GC Thread#2" [stack: 0x0000003856400000,0x0000003856500000] [id=9108]
  0x000001c47e101800 GCTaskThread "GC Thread#3" [stack: 0x0000003857100000,0x0000003857200000] [id=16700]
  0x000001c461a15000 ConcurrentGCThread "G1 Main Marker" [stack: 0x0000003855400000,0x0000003855500000] [id=14592]
  0x000001c461a16000 ConcurrentGCThread "G1 Conc#0" [stack: 0x0000003855500000,0x0000003855600000] [id=18448]
  0x000001c461aa5800 ConcurrentGCThread "G1 Refine#0" [stack: 0x0000003855600000,0x0000003855700000] [id=18092]
  0x000001c461aa8800 ConcurrentGCThread "G1 Young RemSet Sampling" [stack: 0x0000003855700000,0x0000003855800000] [id=12356]

Threads with active compile tasks:
C2 CompilerThread0  14407 2112       4       java.net.URLClassLoader$1::run (5 bytes)

VM state:not at safepoint (normal execution)

VM Mutex/Monitor currently owned by a thread:  ([mutex/lock_event])
[0x000001c4619c6510] MethodData_lock - owner thread: 0x000001c47e219000
[0x000001c4619c66c0] MethodCompileQueue_lock - owner thread: 0x0000000000000000

Heap address: 0x0000000080000000, size: 2048 MB, Compressed Oops mode: 32-bit
Narrow klass base: 0x0000000000000000, Narrow klass shift: 3
Compressed class space size: 1073741824 Address: 0x0000000100000000

Heap:
 garbage-first heap   total 129024K, used 53698K [0x0000000080000000, 0x0000000100000000)
  region size 1024K, 37 young (37888K), 1 survivors (1024K)
 Metaspace       used 24337K, capacity 24965K, committed 25216K, reserved 1071104K
  class space    used 3123K, capacity 3332K, committed 3456K, reserved 1048576K
Heap Regions: E=young(eden), S=young(survivor), O=old, HS=humongous(starts), HC=humongous(continues), CS=collection set, F=free, A=archive, TAMS=top-at-mark-start (previous, next)
|   0|0x0000000080000000, 0x0000000080100000, 0x0000000080100000|100%| O|  |TAMS 0x0000000080100000, 0x0000000080000000| Untracked 
|   1|0x0000000080100000, 0x0000000080200000, 0x0000000080200000|100%| O|  |TAMS 0x0000000080200000, 0x0000000080100000| Untracked 
|   2|0x0000000080200000, 0x0000000080300000, 0x0000000080300000|100%| O|  |TAMS 0x0000000080300000, 0x0000000080200000| Untracked 
|   3|0x0000000080300000, 0x0000000080400000, 0x0000000080400000|100%|HS|  |TAMS 0x0000000080400000, 0x0000000080300000| Complete 
|   4|0x0000000080400000, 0x0000000080500000, 0x0000000080500000|100%|HC|  |TAMS 0x0000000080500000, 0x0000000080400000| Complete 
|   5|0x0000000080500000, 0x0000000080600000, 0x0000000080600000|100%|HC|  |TAMS 0x0000000080600000, 0x0000000080500000| Complete 
|   6|0x0000000080600000, 0x0000000080700000, 0x0000000080700000|100%| O|  |TAMS 0x0000000080700000, 0x0000000080600000| Untracked 
|   7|0x0000000080700000, 0x0000000080800000, 0x0000000080800000|100%| O|  |TAMS 0x0000000080800000, 0x0000000080700000| Untracked 
|   8|0x0000000080800000, 0x0000000080900000, 0x0000000080900000|100%| O|  |TAMS 0x0000000080900000, 0x0000000080800000| Untracked 
|   9|0x0000000080900000, 0x0000000080a00000, 0x0000000080a00000|100%| O|  |TAMS 0x0000000080a00000, 0x0000000080900000| Untracked 
|  10|0x0000000080a00000, 0x0000000080b00000, 0x0000000080b00000|100%| O|  |TAMS 0x0000000080b00000, 0x0000000080a00000| Untracked 
|  11|0x0000000080b00000, 0x0000000080c00000, 0x0000000080c00000|100%| O|  |TAMS 0x0000000080c00000, 0x0000000080b00000| Untracked 
|  12|0x0000000080c00000, 0x0000000080d00000, 0x0000000080d00000|100%| O|  |TAMS 0x0000000080d00000, 0x0000000080c00000| Untracked 
|  13|0x0000000080d00000, 0x0000000080e00000, 0x0000000080e00000|100%| O|  |TAMS 0x0000000080e00000, 0x0000000080d00000| Untracked 
|  14|0x0000000080e00000, 0x0000000080f00000, 0x0000000080f00000|100%| O|  |TAMS 0x0000000080f00000, 0x0000000080e00000| Untracked 
|  15|0x0000000080f00000, 0x0000000081000000, 0x0000000081000000|100%| O|  |TAMS 0x0000000081000000, 0x0000000080f00000| Untracked 
|  16|0x0000000081000000, 0x000000008109a800, 0x0000000081100000| 60%| O|  |TAMS 0x000000008109a800, 0x0000000081000000| Untracked 
|  17|0x0000000081100000, 0x0000000081100000, 0x0000000081200000|  0%| F|  |TAMS 0x0000000081100000, 0x0000000081100000| Untracked 
|  18|0x0000000081200000, 0x0000000081200000, 0x0000000081300000|  0%| F|  |TAMS 0x0000000081200000, 0x0000000081200000| Untracked 
|  19|0x0000000081300000, 0x0000000081300000, 0x0000000081400000|  0%| F|  |TAMS 0x0000000081300000, 0x0000000081300000| Untracked 
|  20|0x0000000081400000, 0x0000000081400000, 0x0000000081500000|  0%| F|  |TAMS 0x0000000081400000, 0x0000000081400000| Untracked 
|  21|0x0000000081500000, 0x0000000081500000, 0x0000000081600000|  0%| F|  |TAMS 0x0000000081500000, 0x0000000081500000| Untracked 
|  22|0x0000000081600000, 0x0000000081600000, 0x0000000081700000|  0%| F|  |TAMS 0x0000000081600000, 0x0000000081600000| Untracked 
|  23|0x0000000081700000, 0x0000000081700000, 0x0000000081800000|  0%| F|  |TAMS 0x0000000081700000, 0x0000000081700000| Untracked 
|  24|0x0000000081800000, 0x0000000081800000, 0x0000000081900000|  0%| F|  |TAMS 0x0000000081800000, 0x0000000081800000| Untracked 
|  25|0x0000000081900000, 0x0000000081900000, 0x0000000081a00000|  0%| F|  |TAMS 0x0000000081900000, 0x0000000081900000| Untracked 
|  26|0x0000000081a00000, 0x0000000081a00000, 0x0000000081b00000|  0%| F|  |TAMS 0x0000000081a00000, 0x0000000081a00000| Untracked 
|  27|0x0000000081b00000, 0x0000000081b00000, 0x0000000081c00000|  0%| F|  |TAMS 0x0000000081b00000, 0x0000000081b00000| Untracked 
|  28|0x0000000081c00000, 0x0000000081c00000, 0x0000000081d00000|  0%| F|  |TAMS 0x0000000081c00000, 0x0000000081c00000| Untracked 
|  29|0x0000000081d00000, 0x0000000081d00000, 0x0000000081e00000|  0%| F|  |TAMS 0x0000000081d00000, 0x0000000081d00000| Untracked 
|  30|0x0000000081e00000, 0x0000000081e00000, 0x0000000081f00000|  0%| F|  |TAMS 0x0000000081e00000, 0x0000000081e00000| Untracked 
|  31|0x0000000081f00000, 0x0000000081f00000, 0x0000000082000000|  0%| F|  |TAMS 0x0000000081f00000, 0x0000000081f00000| Untracked 
|  32|0x0000000082000000, 0x0000000082000000, 0x0000000082100000|  0%| F|  |TAMS 0x0000000082000000, 0x0000000082000000| Untracked 
|  33|0x0000000082100000, 0x0000000082100000, 0x0000000082200000|  0%| F|  |TAMS 0x0000000082100000, 0x0000000082100000| Untracked 
|  34|0x0000000082200000, 0x0000000082200000, 0x0000000082300000|  0%| F|  |TAMS 0x0000000082200000, 0x0000000082200000| Untracked 
|  35|0x0000000082300000, 0x0000000082300000, 0x0000000082400000|  0%| F|  |TAMS 0x0000000082300000, 0x0000000082300000| Untracked 
|  36|0x0000000082400000, 0x0000000082400000, 0x0000000082500000|  0%| F|  |TAMS 0x0000000082400000, 0x0000000082400000| Untracked 
|  37|0x0000000082500000, 0x0000000082500000, 0x0000000082600000|  0%| F|  |TAMS 0x0000000082500000, 0x0000000082500000| Untracked 
|  38|0x0000000082600000, 0x0000000082600000, 0x0000000082700000|  0%| F|  |TAMS 0x0000000082600000, 0x0000000082600000| Untracked 
|  39|0x0000000082700000, 0x0000000082700000, 0x0000000082800000|  0%| F|  |TAMS 0x0000000082700000, 0x0000000082700000| Untracked 
|  40|0x0000000082800000, 0x0000000082800000, 0x0000000082900000|  0%| F|  |TAMS 0x0000000082800000, 0x0000000082800000| Untracked 
|  41|0x0000000082900000, 0x0000000082900000, 0x0000000082a00000|  0%| F|  |TAMS 0x0000000082900000, 0x0000000082900000| Untracked 
|  42|0x0000000082a00000, 0x0000000082a00000, 0x0000000082b00000|  0%| F|  |TAMS 0x0000000082a00000, 0x0000000082a00000| Untracked 
|  43|0x0000000082b00000, 0x0000000082b00000, 0x0000000082c00000|  0%| F|  |TAMS 0x0000000082b00000, 0x0000000082b00000| Untracked 
|  44|0x0000000082c00000, 0x0000000082c00000, 0x0000000082d00000|  0%| F|  |TAMS 0x0000000082c00000, 0x0000000082c00000| Untracked 
|  45|0x0000000082d00000, 0x0000000082d00000, 0x0000000082e00000|  0%| F|  |TAMS 0x0000000082d00000, 0x0000000082d00000| Untracked 
|  46|0x0000000082e00000, 0x0000000082e00000, 0x0000000082f00000|  0%| F|  |TAMS 0x0000000082e00000, 0x0000000082e00000| Untracked 
|  47|0x0000000082f00000, 0x0000000082f00000, 0x0000000083000000|  0%| F|  |TAMS 0x0000000082f00000, 0x0000000082f00000| Untracked 
|  48|0x0000000083000000, 0x0000000083000000, 0x0000000083100000|  0%| F|  |TAMS 0x0000000083000000, 0x0000000083000000| Untracked 
|  49|0x0000000083100000, 0x0000000083100000, 0x0000000083200000|  0%| F|  |TAMS 0x0000000083100000, 0x0000000083100000| Untracked 
|  50|0x0000000083200000, 0x0000000083200000, 0x0000000083300000|  0%| F|  |TAMS 0x0000000083200000, 0x0000000083200000| Untracked 
|  51|0x0000000083300000, 0x0000000083300000, 0x0000000083400000|  0%| F|  |TAMS 0x0000000083300000, 0x0000000083300000| Untracked 
|  52|0x0000000083400000, 0x0000000083400000, 0x0000000083500000|  0%| F|  |TAMS 0x0000000083400000, 0x0000000083400000| Untracked 
|  53|0x0000000083500000, 0x0000000083500000, 0x0000000083600000|  0%| F|  |TAMS 0x0000000083500000, 0x0000000083500000| Untracked 
|  54|0x0000000083600000, 0x0000000083600000, 0x0000000083700000|  0%| F|  |TAMS 0x0000000083600000, 0x0000000083600000| Untracked 
|  55|0x0000000083700000, 0x0000000083700000, 0x0000000083800000|  0%| F|  |TAMS 0x0000000083700000, 0x0000000083700000| Untracked 
|  56|0x0000000083800000, 0x0000000083800000, 0x0000000083900000|  0%| F|  |TAMS 0x0000000083800000, 0x0000000083800000| Untracked 
|  57|0x0000000083900000, 0x0000000083900000, 0x0000000083a00000|  0%| F|  |TAMS 0x0000000083900000, 0x0000000083900000| Untracked 
|  58|0x0000000083a00000, 0x0000000083a00000, 0x0000000083b00000|  0%| F|  |TAMS 0x0000000083a00000, 0x0000000083a00000| Untracked 
|  59|0x0000000083b00000, 0x0000000083b00000, 0x0000000083c00000|  0%| F|  |TAMS 0x0000000083b00000, 0x0000000083b00000| Untracked 
|  60|0x0000000083c00000, 0x0000000083c00000, 0x0000000083d00000|  0%| F|  |TAMS 0x0000000083c00000, 0x0000000083c00000| Untracked 
|  61|0x0000000083d00000, 0x0000000083d00000, 0x0000000083e00000|  0%| F|  |TAMS 0x0000000083d00000, 0x0000000083d00000| Untracked 
|  62|0x0000000083e00000, 0x0000000083e00000, 0x0000000083f00000|  0%| F|  |TAMS 0x0000000083e00000, 0x0000000083e00000| Untracked 
|  63|0x0000000083f00000, 0x0000000083f00000, 0x0000000084000000|  0%| F|  |TAMS 0x0000000083f00000, 0x0000000083f00000| Untracked 
|  64|0x0000000084000000, 0x0000000084000000, 0x0000000084100000|  0%| F|  |TAMS 0x0000000084000000, 0x0000000084000000| Untracked 
|  65|0x0000000084100000, 0x0000000084100000, 0x0000000084200000|  0%| F|  |TAMS 0x0000000084100000, 0x0000000084100000| Untracked 
|  66|0x0000000084200000, 0x0000000084200000, 0x0000000084300000|  0%| F|  |TAMS 0x0000000084200000, 0x0000000084200000| Untracked 
|  67|0x0000000084300000, 0x0000000084300000, 0x0000000084400000|  0%| F|  |TAMS 0x0000000084300000, 0x0000000084300000| Untracked 
|  68|0x0000000084400000, 0x0000000084400000, 0x0000000084500000|  0%| F|  |TAMS 0x0000000084400000, 0x0000000084400000| Untracked 
|  69|0x0000000084500000, 0x0000000084500000, 0x0000000084600000|  0%| F|  |TAMS 0x0000000084500000, 0x0000000084500000| Untracked 
|  70|0x0000000084600000, 0x0000000084600000, 0x0000000084700000|  0%| F|  |TAMS 0x0000000084600000, 0x0000000084600000| Untracked 
|  71|0x0000000084700000, 0x0000000084700000, 0x0000000084800000|  0%| F|  |TAMS 0x0000000084700000, 0x0000000084700000| Untracked 
|  72|0x0000000084800000, 0x0000000084800000, 0x0000000084900000|  0%| F|  |TAMS 0x0000000084800000, 0x0000000084800000| Untracked 
|  73|0x0000000084900000, 0x0000000084900000, 0x0000000084a00000|  0%| F|  |TAMS 0x0000000084900000, 0x0000000084900000| Untracked 
|  74|0x0000000084a00000, 0x0000000084a00000, 0x0000000084b00000|  0%| F|  |TAMS 0x0000000084a00000, 0x0000000084a00000| Untracked 
|  75|0x0000000084b00000, 0x0000000084b00000, 0x0000000084c00000|  0%| F|  |TAMS 0x0000000084b00000, 0x0000000084b00000| Untracked 
|  76|0x0000000084c00000, 0x0000000084c00000, 0x0000000084d00000|  0%| F|  |TAMS 0x0000000084c00000, 0x0000000084c00000| Untracked 
|  77|0x0000000084d00000, 0x0000000084d00000, 0x0000000084e00000|  0%| F|  |TAMS 0x0000000084d00000, 0x0000000084d00000| Untracked 
|  78|0x0000000084e00000, 0x0000000084e00000, 0x0000000084f00000|  0%| F|  |TAMS 0x0000000084e00000, 0x0000000084e00000| Untracked 
|  79|0x0000000084f00000, 0x0000000084f00000, 0x0000000085000000|  0%| F|  |TAMS 0x0000000084f00000, 0x0000000084f00000| Untracked 
|  80|0x0000000085000000, 0x0000000085000000, 0x0000000085100000|  0%| F|  |TAMS 0x0000000085000000, 0x0000000085000000| Untracked 
|  81|0x0000000085100000, 0x0000000085100000, 0x0000000085200000|  0%| F|  |TAMS 0x0000000085100000, 0x0000000085100000| Untracked 
|  82|0x0000000085200000, 0x0000000085200000, 0x0000000085300000|  0%| F|  |TAMS 0x0000000085200000, 0x0000000085200000| Untracked 
|  83|0x0000000085300000, 0x0000000085300000, 0x0000000085400000|  0%| F|  |TAMS 0x0000000085300000, 0x0000000085300000| Untracked 
|  84|0x0000000085400000, 0x0000000085400000, 0x0000000085500000|  0%| F|  |TAMS 0x0000000085400000, 0x0000000085400000| Untracked 
|  85|0x0000000085500000, 0x0000000085500000, 0x0000000085600000|  0%| F|  |TAMS 0x0000000085500000, 0x0000000085500000| Untracked 
|  86|0x0000000085600000, 0x0000000085600000, 0x0000000085700000|  0%| F|  |TAMS 0x0000000085600000, 0x0000000085600000| Untracked 
|  87|0x0000000085700000, 0x0000000085700000, 0x0000000085800000|  0%| F|  |TAMS 0x0000000085700000, 0x0000000085700000| Untracked 
|  88|0x0000000085800000, 0x0000000085800000, 0x0000000085900000|  0%| F|  |TAMS 0x0000000085800000, 0x0000000085800000| Untracked 
|  89|0x0000000085900000, 0x0000000085977528, 0x0000000085a00000| 46%| E|  |TAMS 0x0000000085900000, 0x0000000085900000| Complete 
|  90|0x0000000085a00000, 0x0000000085b00000, 0x0000000085b00000|100%| E|CS|TAMS 0x0000000085a00000, 0x0000000085a00000| Complete 
|  91|0x0000000085b00000, 0x0000000085c00000, 0x0000000085c00000|100%| E|CS|TAMS 0x0000000085b00000, 0x0000000085b00000| Complete 
|  92|0x0000000085c00000, 0x0000000085d00000, 0x0000000085d00000|100%| E|CS|TAMS 0x0000000085c00000, 0x0000000085c00000| Complete 
|  93|0x0000000085d00000, 0x0000000085e00000, 0x0000000085e00000|100%| E|CS|TAMS 0x0000000085d00000, 0x0000000085d00000| Complete 
|  94|0x0000000085e00000, 0x0000000085f00000, 0x0000000085f00000|100%| E|CS|TAMS 0x0000000085e00000, 0x0000000085e00000| Complete 
|  95|0x0000000085f00000, 0x0000000086000000, 0x0000000086000000|100%| E|CS|TAMS 0x0000000085f00000, 0x0000000085f00000| Complete 
|  96|0x0000000086000000, 0x0000000086100000, 0x0000000086100000|100%| E|CS|TAMS 0x0000000086000000, 0x0000000086000000| Complete 
|  97|0x0000000086100000, 0x0000000086200000, 0x0000000086200000|100%| E|CS|TAMS 0x0000000086100000, 0x0000000086100000| Complete 
|  98|0x0000000086200000, 0x0000000086300000, 0x0000000086300000|100%| E|CS|TAMS 0x0000000086200000, 0x0000000086200000| Complete 
|  99|0x0000000086300000, 0x0000000086400000, 0x0000000086400000|100%| E|CS|TAMS 0x0000000086300000, 0x0000000086300000| Complete 
| 100|0x0000000086400000, 0x0000000086500000, 0x0000000086500000|100%| E|CS|TAMS 0x0000000086400000, 0x0000000086400000| Complete 
| 101|0x0000000086500000, 0x0000000086600000, 0x0000000086600000|100%| E|CS|TAMS 0x0000000086500000, 0x0000000086500000| Complete 
| 102|0x0000000086600000, 0x0000000086700000, 0x0000000086700000|100%| E|CS|TAMS 0x0000000086600000, 0x0000000086600000| Complete 
| 103|0x0000000086700000, 0x0000000086800000, 0x0000000086800000|100%| E|CS|TAMS 0x0000000086700000, 0x0000000086700000| Complete 
| 104|0x0000000086800000, 0x0000000086900000, 0x0000000086900000|100%| E|CS|TAMS 0x0000000086800000, 0x0000000086800000| Complete 
| 105|0x0000000086900000, 0x0000000086a00000, 0x0000000086a00000|100%| E|CS|TAMS 0x0000000086900000, 0x0000000086900000| Complete 
| 106|0x0000000086a00000, 0x0000000086b00000, 0x0000000086b00000|100%| E|CS|TAMS 0x0000000086a00000, 0x0000000086a00000| Complete 
| 107|0x0000000086b00000, 0x0000000086c00000, 0x0000000086c00000|100%| E|CS|TAMS 0x0000000086b00000, 0x0000000086b00000| Complete 
| 108|0x0000000086c00000, 0x0000000086d00000, 0x0000000086d00000|100%| E|CS|TAMS 0x0000000086c00000, 0x0000000086c00000| Complete 
| 109|0x0000000086d00000, 0x0000000086e00000, 0x0000000086e00000|100%| E|CS|TAMS 0x0000000086d00000, 0x0000000086d00000| Complete 
| 110|0x0000000086e00000, 0x0000000086f00000, 0x0000000086f00000|100%| E|CS|TAMS 0x0000000086e00000, 0x0000000086e00000| Complete 
| 111|0x0000000086f00000, 0x0000000087000000, 0x0000000087000000|100%| E|CS|TAMS 0x0000000086f00000, 0x0000000086f00000| Complete 
| 112|0x0000000087000000, 0x0000000087100000, 0x0000000087100000|100%| E|CS|TAMS 0x0000000087000000, 0x0000000087000000| Complete 
| 113|0x0000000087100000, 0x0000000087200000, 0x0000000087200000|100%| E|CS|TAMS 0x0000000087100000, 0x0000000087100000| Complete 
| 114|0x0000000087200000, 0x0000000087300000, 0x0000000087300000|100%| E|CS|TAMS 0x0000000087200000, 0x0000000087200000| Complete 
| 115|0x0000000087300000, 0x0000000087400000, 0x0000000087400000|100%| E|CS|TAMS 0x0000000087300000, 0x0000000087300000| Complete 
| 116|0x0000000087400000, 0x0000000087500000, 0x0000000087500000|100%| E|CS|TAMS 0x0000000087400000, 0x0000000087400000| Complete 
| 117|0x0000000087500000, 0x0000000087600000, 0x0000000087600000|100%| E|CS|TAMS 0x0000000087500000, 0x0000000087500000| Complete 
| 118|0x0000000087600000, 0x0000000087700000, 0x0000000087700000|100%| E|CS|TAMS 0x0000000087600000, 0x0000000087600000| Complete 
| 119|0x0000000087700000, 0x0000000087800000, 0x0000000087800000|100%| E|CS|TAMS 0x0000000087700000, 0x0000000087700000| Complete 
| 120|0x0000000087800000, 0x0000000087900000, 0x0000000087900000|100%| E|CS|TAMS 0x0000000087800000, 0x0000000087800000| Complete 
| 121|0x0000000087900000, 0x0000000087a00000, 0x0000000087a00000|100%| E|CS|TAMS 0x0000000087900000, 0x0000000087900000| Complete 
| 122|0x0000000087a00000, 0x0000000087b00000, 0x0000000087b00000|100%| E|CS|TAMS 0x0000000087a00000, 0x0000000087a00000| Complete 
| 123|0x0000000087b00000, 0x0000000087bd6000, 0x0000000087c00000| 83%| S|CS|TAMS 0x0000000087b00000, 0x0000000087b00000| Complete 
| 124|0x0000000087c00000, 0x0000000087d00000, 0x0000000087d00000|100%| E|CS|TAMS 0x0000000087c00000, 0x0000000087c00000| Complete 
| 125|0x0000000087d00000, 0x0000000087e00000, 0x0000000087e00000|100%| E|CS|TAMS 0x0000000087d00000, 0x0000000087d00000| Complete 

Card table byte_map: [0x000001c474ef0000,0x000001c4752f0000] _byte_map_base: 0x000001c474af0000

Marking Bits (Prev, Next): (CMBitMap*) 0x000001c461a0c630, (CMBitMap*) 0x000001c461a0c5f8
 Prev Bits: [0x000001c4776f0000, 0x000001c4796f0000)
 Next Bits: [0x000001c4756f0000, 0x000001c4776f0000)

Polling page: 0x000001c460180000

Metaspace:

Usage:
  Non-class:     21.13 MB capacity,    20.72 MB ( 98%) used,   367.14 KB (  2%) free+waste,    47.81 KB ( <1%) overhead. 
      Class:      3.25 MB capacity,     3.05 MB ( 94%) used,   184.26 KB (  6%) free+waste,    24.06 KB ( <1%) overhead. 
       Both:     24.38 MB capacity,    23.77 MB ( 98%) used,   551.40 KB (  2%) free+waste,    71.88 KB ( <1%) overhead. 

Virtual space:
  Non-class space:       22.00 MB reserved,      21.25 MB ( 97%) committed 
      Class space:        1.00 GB reserved,       3.38 MB ( <1%) committed 
             Both:        1.02 GB reserved,      24.63 MB (  2%) committed 

Chunk freelists:
   Non-Class:  63.00 KB
       Class:  28.00 KB
        Both:  91.00 KB

MaxMetaspaceSize: 17179869184.00 GB
CompressedClassSpaceSize: 1.00 GB

CodeHeap 'non-profiled nmethods': size=120064Kb used=973Kb max_used=973Kb free=119090Kb
 bounds [0x000001c46cf80000, 0x000001c46d1f0000, 0x000001c4744c0000]
CodeHeap 'profiled nmethods': size=120000Kb used=4638Kb max_used=4638Kb free=115361Kb
 bounds [0x000001c465a50000, 0x000001c465ee0000, 0x000001c46cf80000]
CodeHeap 'non-nmethods': size=5696Kb used=1152Kb max_used=1183Kb free=4543Kb
 bounds [0x000001c4654c0000, 0x000001c465730000, 0x000001c465a50000]
 total_blobs=2671 nmethods=2179 adapters=403
 compilation: enabled
              stopped_count=0, restarted_count=0
 full_count=0

Compilation events (20 events):
Event: 14.195 Thread 0x000001c47bd0b800 2140       3       sun.reflect.generics.tree.SimpleClassTypeSignature::make (11 bytes)
Event: 14.195 Thread 0x000001c47bd0b800 nmethod 2140 0x000001c465ec2290 code [0x000001c465ec2460, 0x000001c465ec2718]
Event: 14.195 Thread 0x000001c47bd0b800 2142       3       sun.reflect.generics.parser.SignatureParser::parsePackageNameAndSimpleClassTypeSignature (119 bytes)
Event: 14.197 Thread 0x000001c47bd0b800 nmethod 2142 0x000001c465ec2810 code [0x000001c465ec2b60, 0x000001c465ec3c08]
Event: 14.197 Thread 0x000001c47bd0b800 2141       3       sun.reflect.generics.tree.SimpleClassTypeSignature::<init> (20 bytes)
Event: 14.198 Thread 0x000001c47bd0b800 nmethod 2141 0x000001c465ec4210 code [0x000001c465ec43c0, 0x000001c465ec45d8]
Event: 14.198 Thread 0x000001c47bd0b800 2143       3       sun.reflect.generics.parser.SignatureParser::parseClassTypeSignatureSuffix (29 bytes)
Event: 14.199 Thread 0x000001c47bd0b800 nmethod 2143 0x000001c465ec4690 code [0x000001c465ec4880, 0x000001c465ec4b98]
Event: 14.199 Thread 0x000001c47bd0b800 2144       3       sun.reflect.generics.tree.ClassTypeSignature::make (9 bytes)
Event: 14.200 Thread 0x000001c47bd0b800 nmethod 2144 0x000001c465ec4d10 code [0x000001c465ec4ee0, 0x000001c465ec5138]
Event: 14.200 Thread 0x000001c47bd0b800 2145       3       sun.reflect.generics.tree.ClassTypeSignature::<init> (10 bytes)
Event: 14.201 Thread 0x000001c47bd0b800 nmethod 2145 0x000001c465ec5210 code [0x000001c465ec53c0, 0x000001c465ec5578]
Event: 14.204 Thread 0x000001c47bd0b800 2146       3       jdk.internal.module.SystemModuleFinders$SystemModuleReader::find (54 bytes)
Event: 14.205 Thread 0x000001c47bd0b800 nmethod 2146 0x000001c465ec5610 code [0x000001c465ec5940, 0x000001c465ec6938]
Event: 14.209 Thread 0x000001c47bd0b800 2147       3       java.io.Reader::<init> (27 bytes)
Event: 14.209 Thread 0x000001c47bd0b800 nmethod 2147 0x000001c465ec6f90 code [0x000001c465ec7160, 0x000001c465ec7448]
Event: 14.211 Thread 0x000001c47bd0b800 2148   !   3       java.util.concurrent.ConcurrentHashMap::initTable (112 bytes)
Event: 14.212 Thread 0x000001c47bd0b800 nmethod 2148 0x000001c465ec7590 code [0x000001c465ec7780, 0x000001c465ec7d08]
Event: 14.228 Thread 0x000001c47bd0b800 2149       3       java.util.LinkedHashMap::afterNodeInsertion (40 bytes)
Event: 14.228 Thread 0x000001c47bd0b800 nmethod 2149 0x000001c465ec7f10 code [0x000001c465ec8100, 0x000001c465ec8568]

GC Heap History (10 events):
Event: 1.568 GC heap before
{Heap before GC invocations=0 (full 0):
 garbage-first heap   total 129024K, used 19456K [0x0000000080000000, 0x0000000100000000)
  region size 1024K, 14 young (14336K), 0 survivors (0K)
 Metaspace       used 6752K, capacity 6937K, committed 7168K, reserved 1056768K
  class space    used 584K, capacity 650K, committed 768K, reserved 1048576K
}
Event: 1.577 GC heap after
{Heap after GC invocations=1 (full 0):
 garbage-first heap   total 129024K, used 8161K [0x0000000080000000, 0x0000000100000000)
  region size 1024K, 2 young (2048K), 2 survivors (2048K)
 Metaspace       used 6752K, capacity 6937K, committed 7168K, reserved 1056768K
  class space    used 584K, capacity 650K, committed 768K, reserved 1048576K
}
Event: 4.413 GC heap before
{Heap before GC invocations=1 (full 0):
 garbage-first heap   total 129024K, used 20449K [0x0000000080000000, 0x0000000100000000)
  region size 1024K, 14 young (14336K), 2 survivors (2048K)
 Metaspace       used 10225K, capacity 10437K, committed 10624K, reserved 1058816K
  class space    used 1064K, capacity 1139K, committed 1152K, reserved 1048576K
}
Event: 4.418 GC heap after
{Heap after GC invocations=2 (full 0):
 garbage-first heap   total 129024K, used 9410K [0x0000000080000000, 0x0000000100000000)
  region size 1024K, 2 young (2048K), 2 survivors (2048K)
 Metaspace       used 10225K, capacity 10437K, committed 10624K, reserved 1058816K
  class space    used 1064K, capacity 1139K, committed 1152K, reserved 1048576K
}
Event: 6.304 GC heap before
{Heap before GC invocations=2 (full 0):
 garbage-first heap   total 129024K, used 39106K [0x0000000080000000, 0x0000000100000000)
  region size 1024K, 31 young (31744K), 2 survivors (2048K)
 Metaspace       used 11142K, capacity 11454K, committed 11520K, reserved 1058816K
  class space    used 1166K, capacity 1243K, committed 1280K, reserved 1048576K
}
Event: 6.309 GC heap after
{Heap after GC invocations=3 (full 0):
 garbage-first heap   total 129024K, used 12489K [0x0000000080000000, 0x0000000100000000)
  region size 1024K, 4 young (4096K), 4 survivors (4096K)
 Metaspace       used 11142K, capacity 11454K, committed 11520K, reserved 1058816K
  class space    used 1166K, capacity 1243K, committed 1280K, reserved 1048576K
}
Event: 12.950 GC heap before
{Heap before GC invocations=3 (full 0):
 garbage-first heap   total 129024K, used 74953K [0x0000000080000000, 0x0000000100000000)
  region size 1024K, 65 young (66560K), 4 survivors (4096K)
 Metaspace       used 20458K, capacity 20983K, committed 21120K, reserved 1067008K
  class space    used 2490K, capacity 2657K, committed 2688K, reserved 1048576K
}
Event: 12.963 GC heap after
{Heap after GC invocations=4 (full 0):
 garbage-first heap   total 129024K, used 16984K [0x0000000080000000, 0x0000000100000000)
  region size 1024K, 9 young (9216K), 9 survivors (9216K)
 Metaspace       used 20458K, capacity 20983K, committed 21120K, reserved 1067008K
  class space    used 2490K, capacity 2657K, committed 2688K, reserved 1048576K
}
Event: 12.999 GC heap before
{Heap before GC invocations=4 (full 0):
 garbage-first heap   total 129024K, used 18008K [0x0000000080000000, 0x0000000100000000)
  region size 1024K, 11 young (11264K), 9 survivors (9216K)
 Metaspace       used 20605K, capacity 21135K, committed 21296K, reserved 1069056K
  class space    used 2509K, capacity 2669K, committed 2688K, reserved 1048576K
}
Event: 13.012 GC heap after
{Heap after GC invocations=5 (full 0):
 garbage-first heap   total 129024K, used 17858K [0x0000000080000000, 0x0000000100000000)
  region size 1024K, 1 young (1024K), 1 survivors (1024K)
 Metaspace       used 20605K, capacity 21135K, committed 21296K, reserved 1069056K
  class space    used 2509K, capacity 2669K, committed 2688K, reserved 1048576K
}

Deoptimization events (20 events):
Event: 13.626 Thread 0x000001c47e219000 Uncommon trap: trap_request=0xffffff4d fr.pc=0x000001c46cff29f8 relative=0x0000000000000b58
Event: 13.626 Thread 0x000001c47e219000 Uncommon trap: reason=unstable_if action=reinterpret pc=0x000001c46cff29f8 method=java.util.Properties$LineReader.readLine()I @ 249 c2
Event: 13.626 Thread 0x000001c47e219000 DEOPT PACKING pc=0x000001c46cff29f8 sp=0x0000003856bfc300
Event: 13.627 Thread 0x000001c47e219000 DEOPT UNPACKING pc=0x000001c4654e78af sp=0x0000003856bfc290 mode 2
Event: 13.972 Thread 0x000001c47e219000 Uncommon trap: trap_request=0xffffff4d fr.pc=0x000001c46d061a54 relative=0x0000000000000194
Event: 13.972 Thread 0x000001c47e219000 Uncommon trap: reason=unstable_if action=reinterpret pc=0x000001c46d061a54 method=java.util.HashMap.getNode(ILjava/lang/Object;)Ljava/util/HashMap$Node; @ 129 c2
Event: 13.973 Thread 0x000001c47e219000 DEOPT PACKING pc=0x000001c46d061a54 sp=0x0000003856bfd120
Event: 13.973 Thread 0x000001c47e219000 DEOPT UNPACKING pc=0x000001c4654e78af sp=0x0000003856bfd030 mode 2
Event: 13.973 Thread 0x000001c47e219000 Uncommon trap: trap_request=0xffffffc6 fr.pc=0x000001c46d04961c relative=0x000000000000079c
Event: 13.973 Thread 0x000001c47e219000 Uncommon trap: reason=bimorphic_or_optimized_type_check action=maybe_recompile pc=0x000001c46d04961c method=java.util.HashMap.putVal(ILjava/lang/Object;Ljava/lang/Object;ZZ)Ljava/lang/Object; @ 203 c2
Event: 13.973 Thread 0x000001c47e219000 DEOPT PACKING pc=0x000001c46d04961c sp=0x0000003856bfd080
Event: 13.973 Thread 0x000001c47e219000 DEOPT UNPACKING pc=0x000001c4654e78af sp=0x0000003856bfd010 mode 2
Event: 13.997 Thread 0x000001c47e219000 Uncommon trap: trap_request=0xffffff4d fr.pc=0x000001c46cfe5ad4 relative=0x0000000000000094
Event: 13.997 Thread 0x000001c47e219000 Uncommon trap: reason=unstable_if action=reinterpret pc=0x000001c46cfe5ad4 method=java.util.LinkedHashMap.afterNodeInsertion(Z)V @ 1 c2
Event: 13.997 Thread 0x000001c47e219000 DEOPT PACKING pc=0x000001c46cfe5ad4 sp=0x0000003856bfcd40
Event: 13.998 Thread 0x000001c47e219000 DEOPT UNPACKING pc=0x000001c4654e78af sp=0x0000003856bfccc0 mode 2
Event: 14.002 Thread 0x000001c47e219000 Uncommon trap: trap_request=0xffffff4d fr.pc=0x000001c46cfcc540 relative=0x0000000000000280
Event: 14.002 Thread 0x000001c47e219000 Uncommon trap: reason=unstable_if action=reinterpret pc=0x000001c46cfcc540 method=java.util.concurrent.ConcurrentHashMap.get(Ljava/lang/Object;)Ljava/lang/Object; @ 152 c2
Event: 14.002 Thread 0x000001c47e219000 DEOPT PACKING pc=0x000001c46cfcc540 sp=0x0000003856bfae80
Event: 14.002 Thread 0x000001c47e219000 DEOPT UNPACKING pc=0x000001c4654e78af sp=0x0000003856bfade8 mode 2

Classes redefined (0 events):
No events

Internal exceptions (20 events):
Event: 12.262 Thread 0x000001c47e219000 Exception <a 'java/lang/NoSuchMethodError'{0x00000000857d33f0}: 'long java.lang.invoke.DirectMethodHandle$Holder.invokeInterface(java.lang.Object, java.lang.Object)'> (0x00000000857d33f0) thrown at [./src/hotspot/share/interpreter/linkResolver.cpp, line 773]
Event: 12.265 Thread 0x000001c47e219000 Exception <a 'java/lang/NoSuchMethodError'{0x00000000857f6138}: 'void java.lang.invoke.DelegatingMethodHandle$Holder.reinvoke_L(java.lang.Object, java.lang.Object, java.lang.Object, java.lang.Object, java.lang.Object, java.lang.Object, java.lang.Object)'> (0x00000000857f6138) thrown at [./src/hotspot/share/interpreter/linkResolver.cpp, line 773]
Event: 12.609 Thread 0x000001c47e219000 Exception <a 'java/lang/NoSuchMethodError'{0x000000008479cf50}: 'java.lang.Object java.lang.invoke.DirectMethodHandle$Holder.invokeVirtual(java.lang.Object, java.lang.Object, java.lang.Object)'> (0x000000008479cf50) thrown at [./src/hotspot/share/interpreter/linkResolver.cpp, line 773]
Event: 12.688 Thread 0x000001c47e219000 Exception <a 'java/lang/NoSuchMethodError'{0x00000000843158a8}: 'void java.lang.invoke.DirectMethodHandle$Holder.invokeInterface(java.lang.Object, java.lang.Object)'> (0x00000000843158a8) thrown at [./src/hotspot/share/interpreter/linkResolver.cpp, line 773]
Event: 12.688 Thread 0x000001c47e219000 Exception <a 'java/lang/IncompatibleClassChangeError'{0x0000000084318a58}: Found class java.lang.Object, but interface was expected> (0x0000000084318a58) thrown at [./src/hotspot/share/interpreter/linkResolver.cpp, line 839]
Event: 12.721 Thread 0x000001c47e219000 Exception <a 'java/lang/NoSuchMethodError'{0x000000008427c8b8}: 'void java.lang.invoke.DirectMethodHandle$Holder.invokeStaticInit(java.lang.Object)'> (0x000000008427c8b8) thrown at [./src/hotspot/share/interpreter/linkResolver.cpp, line 773]
Event: 12.838 Thread 0x000001c47e219000 Exception <a 'java/lang/NoSuchMethodError'{0x00000000840e5af0}: 'java.lang.Object java.lang.invoke.DirectMethodHandle$Holder.invokeStatic(java.lang.Object, java.lang.Object, java.lang.Object, int)'> (0x00000000840e5af0) thrown at [./src/hotspot/share/interpreter/linkResolver.cpp, line 773]
Event: 12.840 Thread 0x000001c47e219000 Exception <a 'java/lang/NoSuchMethodError'{0x00000000840e9cb8}: 'java.lang.Object java.lang.invoke.DirectMethodHandle$Holder.invokeSpecial(java.lang.Object, java.lang.Object, java.lang.Object, java.lang.Object, int)'> (0x00000000840e9cb8) thrown at [./src/hotspot/share/interpreter/linkResolver.cpp, line 773]
Event: 12.841 Thread 0x000001c47e219000 Exception <a 'java/lang/NoSuchMethodError'{0x00000000840ed6a0}: 'java.lang.Object java.lang.invoke.Invokers$Holder.linkToTargetMethod(java.lang.Object, java.lang.Object, int, java.lang.Object)'> (0x00000000840ed6a0) thrown at [./src/hotspot/share/interpreter/linkResolver.cpp, line 773]
Event: 13.069 Thread 0x000001c47e219000 Exception <a 'java/lang/NoSuchMethodError'{0x0000000087de4098}: 'int java.lang.invoke.DirectMethodHandle$Holder.invokeSpecialIFC(java.lang.Object, java.lang.Object, java.lang.Object, java.lang.Object)'> (0x0000000087de4098) thrown at [./src/hotspot/share/interpreter/linkResolver.cpp, line 773]
Event: 13.077 Thread 0x000001c47e219000 Exception <a 'java/lang/NoSuchMethodError'{0x0000000087df1e88}: 'java.lang.Object java.lang.invoke.DirectMethodHandle$Holder.invokeInterface(java.lang.Object, java.lang.Object, java.lang.Object)'> (0x0000000087df1e88) thrown at [./src/hotspot/share/interpreter/linkResolver.cpp, line 773]
Event: 13.078 Thread 0x000001c47e219000 Exception <a 'java/lang/IncompatibleClassChangeError'{0x0000000087df5360}: Found class java.lang.Object, but interface was expected> (0x0000000087df5360) thrown at [./src/hotspot/share/interpreter/linkResolver.cpp, line 839]
Event: 13.110 Thread 0x000001c47e219000 Exception <a 'java/lang/NoSuchMethodError'{0x0000000087caa028}: 'void java.lang.invoke.DirectMethodHandle$Holder.invokeStatic(java.lang.Object, java.lang.Object, java.lang.Object, java.lang.Object, java.lang.Object)'> (0x0000000087caa028) thrown at [./src/hotspot/share/interpreter/linkResolver.cpp, line 773]
Event: 13.672 Thread 0x000001c47e219000 Exception <a 'java/lang/NoSuchMethodError'{0x00000000876627d0}: 'void java.lang.invoke.DirectMethodHandle$Holder.invokeSpecial(java.lang.Object, java.lang.Object)'> (0x00000000876627d0) thrown at [./src/hotspot/share/interpreter/linkResolver.cpp, line 773]
Event: 13.743 Thread 0x000001c47e219000 Exception <a 'java/lang/NoSuchMethodError'{0x00000000874941d0}: 'java.lang.Object java.lang.invoke.DirectMethodHandle$Holder.invokeSpecial(java.lang.Object, java.lang.Object, java.lang.Object, java.lang.Object, java.lang.Object, java.lang.Object, java.lang.Object, java.lang.Object, java.lang.Object)'> (0x00000000874941d0) thrown at [./src/hotspot/share/interpreter/linkResolver.cpp, line 773]
Event: 13.885 Thread 0x000001c47e219000 Exception <a 'java/lang/NoSuchMethodError'{0x0000000086bd0730}: 'java.lang.Object java.lang.invoke.DirectMethodHandle$Holder.invokeVirtual(java.lang.Object, java.lang.Object, java.lang.Object, java.lang.Object)'> (0x0000000086bd0730) thrown at [./src/hotspot/share/interpreter/linkResolver.cpp, line 773]
Event: 13.928 Thread 0x000001c47e219000 Exception <a 'java/lang/NoSuchMethodError'{0x000000008686f280}: 'java.lang.Object java.lang.invoke.Invokers$Holder.invoker(java.lang.Object, java.lang.Object, java.lang.Object, java.lang.Object, java.lang.Object)'> (0x000000008686f280) thrown at [./src/hotspot/share/interpreter/linkResolver.cpp, line 773]
Event: 14.071 Thread 0x000001c47e219000 Exception <a 'java/lang/NoSuchMethodError'{0x00000000864bc1c8}: 'void java.lang.invoke.DirectMethodHandle$Holder.invokeSpecial(java.lang.Object, java.lang.Object, java.lang.Object, java.lang.Object, java.lang.Object, java.lang.Object)'> (0x00000000864bc1c8) thrown at [./src/hotspot/share/interpreter/linkResolver.cpp, line 773]
Event: 14.090 Thread 0x000001c47e219000 Exception <a 'java/lang/NoSuchMethodError'{0x000000008632ee38}: 'void java.lang.invoke.DirectMethodHandle$Holder.invokeSpecial(java.lang.Object, java.lang.Object, java.lang.Object, java.lang.Object, java.lang.Object, java.lang.Object, java.lang.Object)'> (0x000000008632ee38) thrown at [./src/hotspot/share/interpreter/linkResolver.cpp, line 773]
Event: 14.091 Thread 0x000001c47e219000 Exception <a 'java/lang/NoSuchMethodError'{0x0000000086337080}: 'java.lang.Object java.lang.invoke.Invokers$Holder.linkToTargetMethod(java.lang.Object, java.lang.Object, java.lang.Object, java.lang.Object, java.lang.Object, java.lang.Object)'> (0x0000000086337080) thrown at [./src/hotspot/share/interpreter/linkResolver.cpp, line 773]

Events (20 events):
Event: 14.297 loading class org/gradle/initialization/DefaultGradlePropertiesController$SharedGradleProperties
Event: 14.297 loading class org/gradle/initialization/DefaultGradlePropertiesController$SharedGradleProperties done
Event: 14.299 loading class org/gradle/api/internal/file/BaseDirFileResolver
Event: 14.299 loading class org/gradle/api/internal/file/BaseDirFileResolver done
Event: 14.300 loading class org/gradle/api/internal/file/AbstractBaseDirFileResolver
Event: 14.300 loading class org/gradle/api/internal/file/AbstractBaseDirFileResolver done
Event: 14.302 loading class org/gradle/api/PathValidation
Event: 14.303 loading class org/gradle/api/PathValidation done
Event: 14.303 loading class org/gradle/util/DeferredUtil
Event: 14.303 loading class org/gradle/util/DeferredUtil done
Event: 14.304 loading class org/gradle/api/internal/provider/ProviderResolutionStrategy
Event: 14.304 loading class org/gradle/api/internal/provider/ProviderResolutionStrategy done
Event: 14.304 loading class org/gradle/api/internal/provider/ProviderResolutionStrategy$1
Event: 14.304 loading class org/gradle/api/internal/provider/ProviderResolutionStrategy$1 done
Event: 14.305 loading class org/gradle/api/internal/provider/ProviderResolutionStrategy$2
Event: 14.305 loading class org/gradle/api/internal/provider/ProviderResolutionStrategy$2 done
Event: 14.305 loading class org/gradle/internal/typeconversion/NotationConverterToNotationParserAdapter$ResultImpl
Event: 14.305 loading class org/gradle/internal/typeconversion/NotationConverterToNotationParserAdapter$ResultImpl done
Event: 14.306 loading class org/apache/commons/io/FilenameUtils
Event: 14.306 loading class org/apache/commons/io/FilenameUtils done


Dynamic libraries:
0x00007ff67b000000 - 0x00007ff67b00a000 	C:\Program Files\Android\Android Studio\jre\bin\java.exe
0x00007ffa5d6d0000 - 0x00007ffa5d8c5000 	C:\WINDOWS\SYSTEM32\ntdll.dll
0x00007ffa5c1a0000 - 0x00007ffa5c25e000 	C:\WINDOWS\System32\KERNEL32.DLL
0x00007ffa5ade0000 - 0x00007ffa5b0a8000 	C:\WINDOWS\System32\KERNELBASE.dll
0x00007ffa5b3c0000 - 0x00007ffa5b4c0000 	C:\WINDOWS\System32\ucrtbase.dll
0x00007ffa31870000 - 0x00007ffa31889000 	C:\Program Files\Android\Android Studio\jre\bin\jli.dll
0x00007ffa30fd0000 - 0x00007ffa30fe7000 	C:\Program Files\Android\Android Studio\jre\bin\VCRUNTIME140.dll
0x00007ffa5cce0000 - 0x00007ffa5ce81000 	C:\WINDOWS\System32\USER32.dll
0x00007ffa5b520000 - 0x00007ffa5b542000 	C:\WINDOWS\System32\win32u.dll
0x00007ffa5bbb0000 - 0x00007ffa5bbdb000 	C:\WINDOWS\System32\GDI32.dll
0x00007ffa5b600000 - 0x00007ffa5b70d000 	C:\WINDOWS\System32\gdi32full.dll
0x00007ffa5b320000 - 0x00007ffa5b3bd000 	C:\WINDOWS\System32\msvcp_win.dll
0x00007ffa44060000 - 0x00007ffa442fa000 	C:\WINDOWS\WinSxS\amd64_microsoft.windows.common-controls_6595b64144ccf1df_6.0.19041.1110_none_60b5254171f9507e\COMCTL32.dll
0x00007ffa5bd10000 - 0x00007ffa5bdae000 	C:\WINDOWS\System32\msvcrt.dll
0x00007ffa5b7e0000 - 0x00007ffa5b810000 	C:\WINDOWS\System32\IMM32.DLL
0x00007ffa2c170000 - 0x00007ffa2c20d000 	C:\Program Files\Android\Android Studio\jre\bin\msvcp140.dll
0x00007ffa006d0000 - 0x00007ffa0119f000 	C:\Program Files\Android\Android Studio\jre\bin\server\jvm.dll
0x00007ffa5bdb0000 - 0x00007ffa5be5e000 	C:\WINDOWS\System32\ADVAPI32.dll
0x00007ffa5bb00000 - 0x00007ffa5bb9c000 	C:\WINDOWS\System32\sechost.dll
0x00007ffa5b9d0000 - 0x00007ffa5baf5000 	C:\WINDOWS\System32\RPCRT4.dll
0x00007ffa5bba0000 - 0x00007ffa5bba8000 	C:\WINDOWS\System32\PSAPI.DLL
0x00007ffa456e0000 - 0x00007ffa45707000 	C:\WINDOWS\SYSTEM32\WINMM.dll
0x00007ffa52d40000 - 0x00007ffa52d4a000 	C:\WINDOWS\SYSTEM32\VERSION.dll
0x00007ffa556d0000 - 0x00007ffa556d9000 	C:\WINDOWS\SYSTEM32\WSOCK32.dll
0x00007ffa5c050000 - 0x00007ffa5c0bb000 	C:\WINDOWS\System32\ws2_32.DLL
0x00007ffa58cd0000 - 0x00007ffa58ce2000 	C:\WINDOWS\SYSTEM32\kernel.appcore.dll
0x00007ffa54570000 - 0x00007ffa54581000 	C:\Program Files\Android\Android Studio\jre\bin\verify.dll
0x00007ffa45ec0000 - 0x00007ffa460a4000 	C:\WINDOWS\SYSTEM32\DBGHELP.DLL
0x00007ffa45dd0000 - 0x00007ffa45dfc000 	C:\WINDOWS\SYSTEM32\dbgcore.DLL
0x00007ffa5b290000 - 0x00007ffa5b312000 	C:\WINDOWS\System32\bcryptPrimitives.dll
0x00007ffa37710000 - 0x00007ffa37739000 	C:\Program Files\Android\Android Studio\jre\bin\java.dll
0x00007ffa3c820000 - 0x00007ffa3c82b000 	C:\Program Files\Android\Android Studio\jre\bin\jimage.dll
0x00007ffa376f0000 - 0x00007ffa37708000 	C:\Program Files\Android\Android Studio\jre\bin\zip.dll
0x00007ffa5cf40000 - 0x00007ffa5d684000 	C:\WINDOWS\System32\SHELL32.dll
0x00007ffa58ed0000 - 0x00007ffa59665000 	C:\WINDOWS\SYSTEM32\windows.storage.dll
0x00007ffa5c260000 - 0x00007ffa5c5b5000 	C:\WINDOWS\System32\combase.dll
0x00007ffa5a830000 - 0x00007ffa5a85e000 	C:\WINDOWS\SYSTEM32\Wldp.dll
0x00007ffa5bbe0000 - 0x00007ffa5bc8d000 	C:\WINDOWS\System32\SHCORE.dll
0x00007ffa5c140000 - 0x00007ffa5c195000 	C:\WINDOWS\System32\shlwapi.dll
0x00007ffa5ad20000 - 0x00007ffa5ad3f000 	C:\WINDOWS\SYSTEM32\profapi.dll
0x00007ffa2b300000 - 0x00007ffa2b31a000 	C:\Program Files\Android\Android Studio\jre\bin\net.dll
0x00007ffa46760000 - 0x00007ffa4686c000 	C:\WINDOWS\SYSTEM32\WINHTTP.dll
0x00007ffa5a590000 - 0x00007ffa5a5fa000 	C:\WINDOWS\system32\mswsock.dll
0x00007ffa2b2e0000 - 0x00007ffa2b2f4000 	C:\Program Files\Android\Android Studio\jre\bin\nio.dll
0x00007ffa3e530000 - 0x00007ffa3e557000 	C:\Users\ryo88\.gradle\native\8bec1ad78214c89d9ad589b4d07fe93259594b29d510b10fafb7a158f7737e5d\windows-amd64\native-platform.dll
0x00007ffa3e3a0000 - 0x00007ffa3e4dd000 	C:\Users\ryo88\.gradle\native\53dbd7edfb1c66fb8903c78663c9afc45aea4f116125fa6feffd364cf09443e8\windows-amd64\native-platform-file-events.dll
0x00007ffa381e0000 - 0x00007ffa381ea000 	C:\Program Files\Android\Android Studio\jre\bin\management.dll
0x00007ffa370a0000 - 0x00007ffa370ac000 	C:\Program Files\Android\Android Studio\jre\bin\management_ext.dll
0x00007ffa5a780000 - 0x00007ffa5a798000 	C:\WINDOWS\SYSTEM32\CRYPTSP.dll
0x00007ffa59ea0000 - 0x00007ffa59ed4000 	C:\WINDOWS\system32\rsaenh.dll
0x00007ffa5b260000 - 0x00007ffa5b287000 	C:\WINDOWS\System32\bcrypt.dll
0x00007ffa5aca0000 - 0x00007ffa5acce000 	C:\WINDOWS\SYSTEM32\USERENV.dll
0x00007ffa5a7a0000 - 0x00007ffa5a7ac000 	C:\WINDOWS\SYSTEM32\CRYPTBASE.dll
0x00007ffa5a230000 - 0x00007ffa5a26b000 	C:\WINDOWS\SYSTEM32\IPHLPAPI.DLL
0x00007ffa5c5c0000 - 0x00007ffa5c5c8000 	C:\WINDOWS\System32\NSI.dll
0x00007ffa51870000 - 0x00007ffa51887000 	C:\WINDOWS\SYSTEM32\dhcpcsvc6.DLL
0x00007ffa522d0000 - 0x00007ffa522ed000 	C:\WINDOWS\SYSTEM32\dhcpcsvc.DLL
0x00007ffa5a2d0000 - 0x00007ffa5a39b000 	C:\WINDOWS\SYSTEM32\DNSAPI.dll

dbghelp: loaded successfully - version: 4.0.5 - missing functions: none
symbol engine: initialized successfully - sym options: 0x614 - pdb path: .;C:\Program Files\Android\Android Studio\jre\bin;C:\WINDOWS\SYSTEM32;C:\WINDOWS\WinSxS\amd64_microsoft.windows.common-controls_6595b64144ccf1df_6.0.19041.1110_none_60b5254171f9507e;C:\Program Files\Android\Android Studio\jre\bin\server;C:\Users\ryo88\.gradle\native\8bec1ad78214c89d9ad589b4d07fe93259594b29d510b10fafb7a158f7737e5d\windows-amd64;C:\Users\ryo88\.gradle\native\53dbd7edfb1c66fb8903c78663c9afc45aea4f116125fa6feffd364cf09443e8\windows-amd64

VM Arguments:
jvm_args: --add-opens=java.base/java.util=ALL-UNNAMED --add-opens=java.base/java.lang=ALL-UNNAMED --add-opens=java.base/java.lang.invoke=ALL-UNNAMED --add-opens=java.base/java.util=ALL-UNNAMED --add-opens=java.prefs/java.util.prefs=ALL-UNNAMED --add-opens=java.prefs/java.util.prefs=ALL-UNNAMED --add-opens=java.base/java.nio.charset=ALL-UNNAMED --add-opens=java.base/java.net=ALL-UNNAMED --add-opens=java.base/java.util.concurrent.atomic=ALL-UNNAMED -Xmx2048m -Dfile.encoding=UTF-8 -Duser.country=PL -Duser.language=pl -Duser.variant 
java_command: org.gradle.launcher.daemon.bootstrap.GradleDaemon 7.0.2
java_class_path (initial): C:\Users\ryo88\.gradle\wrapper\dists\gradle-7.0.2-bin\857tjihv64xamwrf0h14cai3r\gradle-7.0.2\lib\gradle-launcher-7.0.2.jar
Launcher Type: SUN_STANDARD

[Global flags]
     intx CICompilerCount                          = 3                                         {product} {ergonomic}
     uint ConcGCThreads                            = 1                                         {product} {ergonomic}
     uint G1ConcRefinementThreads                  = 4                                         {product} {ergonomic}
   size_t G1HeapRegionSize                         = 1048576                                   {product} {ergonomic}
    uintx GCDrainStackTargetSize                   = 64                                        {product} {ergonomic}
   size_t InitialHeapSize                          = 132120576                                 {product} {ergonomic}
   size_t MarkStackSize                            = 4194304                                   {product} {ergonomic}
   size_t MaxHeapSize                              = 2147483648                                {product} {command line}
   size_t MaxNewSize                               = 1287651328                                {product} {ergonomic}
   size_t MinHeapDeltaBytes                        = 1048576                                   {product} {ergonomic}
    uintx NonNMethodCodeHeapSize                   = 5830732                                {pd product} {ergonomic}
    uintx NonProfiledCodeHeapSize                  = 122913754                              {pd product} {ergonomic}
    uintx ProfiledCodeHeapSize                     = 122913754                              {pd product} {ergonomic}
    uintx ReservedCodeCacheSize                    = 251658240                              {pd product} {ergonomic}
     bool SegmentedCodeCache                       = true                                      {product} {ergonomic}
     bool UseCompressedClassPointers               = true                                 {lp64_product} {ergonomic}
     bool UseCompressedOops                        = true                                 {lp64_product} {ergonomic}
     bool UseG1GC                                  = true                                      {product} {ergonomic}
     bool UseLargePagesIndividualAllocation        = false                                  {pd product} {ergonomic}

Logging:
Log output configuration:
 #0: stdout all=warning uptime,level,tags
 #1: stderr all=off uptime,level,tags

Environment Variables:
JAVA_HOME=C:\Program Files\Java\jdk-15.0.1
PATH=C:\Program Files\Common Files\Oracle\Java\javapath;C:\WINDOWS\system32;C:\WINDOWS;C:\WINDOWS\System32\Wbem;C:\WINDOWS\System32\WindowsPowerShell\v1.0\;C:\WINDOWS\System32\OpenSSH\;C:\Program Files\Java\jdk-15.0.1\bin;C:\Program Files\Git\cmd;C:\Users\ryo88\AppData\Local\Microsoft\WindowsApps;
USERNAME=ryo88
OS=Windows_NT
PROCESSOR_IDENTIFIER=Intel64 Family 6 Model 142 Stepping 9, GenuineIntel



---------------  S Y S T E M  ---------------

OS: Windows 10 , 64 bit Build 19041 (10.0.19041.1466)
OS uptime: 2 days 5:16 hours

CPU:total 4 (initial active 4) (2 cores per cpu, 2 threads per core) family 6 model 142 stepping 9 microcode 0xb4, cmov, cx8, fxsr, mmx, sse, sse2, sse3, ssse3, sse4.1, sse4.2, popcnt, avx, avx2, aes, clmul, erms, 3dnowpref, lzcnt, ht, tsc, tscinvbit, bmi1, bmi2, adx, fma

Memory: 4k page, system-wide physical 8060M (183M free)
TotalPageFile size 32636M (AvailPageFile size 6M)
current process WorkingSet (physical memory assigned to process): 181M, peak: 181M
current process commit charge ("private bytes"): 261M, peak: 262M

vm_info: OpenJDK 64-Bit Server VM (11.0.10+0-b96-7249189) for windows-amd64 JRE (11.0.10+0-b96-7249189), built on Mar 31 2021 21:44:00 by "builder" with MS VC++ 14.0 (VS2015)

END.
