#
# There is insufficient memory for the Java Runtime Environment to continue.
# Native memory allocation (malloc) failed to allocate 1095216 bytes for Chunk::new
# Possible reasons:
#   The system is out of physical RAM or swap space
#   The process is running with CompressedOops enabled, and the Java Heap may be blocking the growth of the native heap
# Possible solutions:
#   Reduce memory load on the system
#   Increase physical memory or swap space
#   Check if swap backing store is full
#   Decrease Java heap size (-Xmx/-Xms)
#   Decrease number of Java threads
#   Decrease Java thread stack sizes (-Xss)
#   Set larger code cache with -XX:ReservedCodeCacheSize=
#   JVM is running with Unscaled Compressed Oops mode in which the Java heap is
#     placed in the first 4GB address space. The Java Heap base address is the
#     maximum limit for the native heap growth. Please use -XX:HeapBaseMinAddress
#     to set the Java Heap base and to place the Java Heap above 4GB virtual address.
# This output file may be truncated or incomplete.
#
#  Out of Memory Error (./src/hotspot/share/memory/arena.cpp:197), pid=6976, tid=12584
#
# JRE version: OpenJDK Runtime Environment (11.0.10) (build 11.0.10+0-b96-7249189)
# Java VM: OpenJDK 64-Bit Server VM (11.0.10+0-b96-7249189, mixed mode, tiered, compressed oops, g1 gc, windows-amd64)
# No core dump will be written. Minidumps are not enabled by default on client versions of Windows
#

---------------  S U M M A R Y ------------

Command Line: --add-opens=java.base/java.util=ALL-UNNAMED --add-opens=java.base/java.lang=ALL-UNNAMED --add-opens=java.base/java.lang.invoke=ALL-UNNAMED --add-opens=java.base/java.util=ALL-UNNAMED --add-opens=java.prefs/java.util.prefs=ALL-UNNAMED --add-opens=java.prefs/java.util.prefs=ALL-UNNAMED --add-opens=java.base/java.nio.charset=ALL-UNNAMED --add-opens=java.base/java.net=ALL-UNNAMED --add-opens=java.base/java.util.concurrent.atomic=ALL-UNNAMED -Xmx2048m -Dfile.encoding=UTF-8 -Duser.country=PL -Duser.language=pl -Duser.variant org.gradle.launcher.daemon.bootstrap.GradleDaemon 7.0.2

Host: Intel(R) Core(TM) i5-7200U CPU @ 2.50GHz, 4 cores, 7G,  Windows 10 , 64 bit Build 19041 (10.0.19041.1466)
Time: Sun Jan 30 23:46:05 2022 Œrodkowoeuropejski czas stand. elapsed time: 6.714972 seconds (0d 0h 0m 6s)

---------------  T H R E A D  ---------------

Current thread (0x000001c196be5000):  JavaThread "C2 CompilerThread0" daemon [_thread_in_native, id=12584, stack(0x00000013d4400000,0x00000013d4500000)]


Current CompileTask:
C2:   6715 2106       4       java.net.URLClassLoader$1::run (5 bytes)

Stack: [0x00000013d4400000,0x00000013d4500000]
Native frames: (J=compiled Java code, j=interpreted, Vv=VM code, C=native code)
V  [jvm.dll+0x5ecfaa]
V  [jvm.dll+0x722bd5]
V  [jvm.dll+0x72412d]
V  [jvm.dll+0x7247e3]
V  [jvm.dll+0x242928]
V  [jvm.dll+0xbc4fc]
V  [jvm.dll+0xbca0c]
V  [jvm.dll+0x2b4fd4]
V  [jvm.dll+0x506028]
V  [jvm.dll+0x203253]
V  [jvm.dll+0x1fd07c]
V  [jvm.dll+0x1fa77f]
V  [jvm.dll+0x18354c]
V  [jvm.dll+0x208ee7]
V  [jvm.dll+0x207731]
V  [jvm.dll+0x6eb1cf]
V  [jvm.dll+0x6e3d45]
V  [jvm.dll+0x5ebe96]
C  [ucrtbase.dll+0x21bb2]
C  [KERNEL32.DLL+0x17034]
C  [ntdll.dll+0x52651]


---------------  P R O C E S S  ---------------

Threads class SMR info:
_java_thread_list=0x000001c1976bdf10, length=23, elements={
0x000001c1fc81d800, 0x000001c196bbc000, 0x000001c196bc1800, 0x000001c196bdc800,
0x000001c196bdd800, 0x000001c196bdf000, 0x000001c196be5000, 0x000001c196bea800,
0x000001c196bef000, 0x000001c1976ac000, 0x000001c198c30800, 0x000001c198e5b800,
0x000001c19968e800, 0x000001c199908800, 0x000001c198974800, 0x000001c1996b9000,
0x000001c1997ae800, 0x000001c1997af800, 0x000001c1997a7800, 0x000001c19979b800,
0x000001c19979d000, 0x000001c199798800, 0x000001c19979a000
}

Java Threads: ( => current thread )
  0x000001c1fc81d800 JavaThread "main" [_thread_blocked, id=13796, stack(0x00000013d3800000,0x00000013d3900000)]
  0x000001c196bbc000 JavaThread "Reference Handler" daemon [_thread_blocked, id=7392, stack(0x00000013d3f00000,0x00000013d4000000)]
  0x000001c196bc1800 JavaThread "Finalizer" daemon [_thread_blocked, id=6784, stack(0x00000013d4000000,0x00000013d4100000)]
  0x000001c196bdc800 JavaThread "Signal Dispatcher" daemon [_thread_blocked, id=5696, stack(0x00000013d4100000,0x00000013d4200000)]
  0x000001c196bdd800 JavaThread "Attach Listener" daemon [_thread_blocked, id=19396, stack(0x00000013d4200000,0x00000013d4300000)]
  0x000001c196bdf000 JavaThread "Service Thread" daemon [_thread_blocked, id=14576, stack(0x00000013d4300000,0x00000013d4400000)]
=>0x000001c196be5000 JavaThread "C2 CompilerThread0" daemon [_thread_in_native, id=12584, stack(0x00000013d4400000,0x00000013d4500000)]
  0x000001c196bea800 JavaThread "C1 CompilerThread0" daemon [_thread_blocked, id=14348, stack(0x00000013d4500000,0x00000013d4600000)]
  0x000001c196bef000 JavaThread "Sweeper thread" daemon [_thread_blocked, id=13904, stack(0x00000013d4600000,0x00000013d4700000)]
  0x000001c1976ac000 JavaThread "Common-Cleaner" daemon [_thread_blocked, id=13716, stack(0x00000013d4700000,0x00000013d4800000)]
  0x000001c198c30800 JavaThread "Daemon health stats" [_thread_blocked, id=12076, stack(0x00000013d4b00000,0x00000013d4c00000)]
  0x000001c198e5b800 JavaThread "Incoming local TCP Connector on port 51099" [_thread_in_native, id=17716, stack(0x00000013d4c00000,0x00000013d4d00000)]
  0x000001c19968e800 JavaThread "Daemon periodic checks" [_thread_blocked, id=14484, stack(0x00000013d4d00000,0x00000013d4e00000)]
  0x000001c199908800 JavaThread "Daemon" [_thread_blocked, id=18796, stack(0x00000013d4e00000,0x00000013d4f00000)]
  0x000001c198974800 JavaThread "Handler for socket connection from /127.0.0.1:51099 to /127.0.0.1:51100" [_thread_in_native, id=12680, stack(0x00000013d4f00000,0x00000013d5000000)]
  0x000001c1996b9000 JavaThread "Cancel handler" [_thread_blocked, id=12228, stack(0x00000013d5000000,0x00000013d5100000)]
  0x000001c1997ae800 JavaThread "Daemon worker" [_thread_in_vm, id=15888, stack(0x00000013d5100000,0x00000013d5200000)]
  0x000001c1997af800 JavaThread "Asynchronous log dispatcher for DefaultDaemonConnection: socket connection from /127.0.0.1:51099 to /127.0.0.1:51100" [_thread_blocked, id=13036, stack(0x00000013d5200000,0x00000013d5300000)]
  0x000001c1997a7800 JavaThread "Stdin handler" [_thread_blocked, id=13116, stack(0x00000013d5300000,0x00000013d5400000)]
  0x000001c19979b800 JavaThread "Daemon client event forwarder" [_thread_blocked, id=4144, stack(0x00000013d5400000,0x00000013d5500000)]
  0x000001c19979d000 JavaThread "Cache worker for file hash cache (C:\Users\ryo88\.gradle\caches\7.0.2\fileHashes)" [_thread_blocked, id=11772, stack(0x00000013d5500000,0x00000013d5600000)]
  0x000001c199798800 JavaThread "File lock request listener" [_thread_in_native, id=9144, stack(0x00000013d5600000,0x00000013d5700000)]
  0x000001c19979a000 JavaThread "Cache worker for journal cache (C:\Users\ryo88\.gradle\caches\journal-1)" [_thread_blocked, id=2704, stack(0x00000013d5800000,0x00000013d5900000)]

Other Threads:
  0x000001c196bb7800 VMThread "VM Thread" [stack: 0x00000013d3e00000,0x00000013d3f00000] [id=10524]
  0x000001c19771b000 WatcherThread [stack: 0x00000013d4800000,0x00000013d4900000] [id=16632]
  0x000001c1fc836000 GCTaskThread "GC Thread#0" [stack: 0x00000013d3900000,0x00000013d3a00000] [id=3264]
  0x000001c1977c2000 GCTaskThread "GC Thread#1" [stack: 0x00000013d4900000,0x00000013d4a00000] [id=10180]
  0x000001c197a17800 GCTaskThread "GC Thread#2" [stack: 0x00000013d4a00000,0x00000013d4b00000] [id=10708]
  0x000001c1997ff000 GCTaskThread "GC Thread#3" [stack: 0x00000013d5700000,0x00000013d5800000] [id=16576]
  0x000001c1fc867000 ConcurrentGCThread "G1 Main Marker" [stack: 0x00000013d3a00000,0x00000013d3b00000] [id=7484]
  0x000001c1fc868000 ConcurrentGCThread "G1 Conc#0" [stack: 0x00000013d3b00000,0x00000013d3c00000] [id=13736]
  0x000001c1fc8f4000 ConcurrentGCThread "G1 Refine#0" [stack: 0x00000013d3c00000,0x00000013d3d00000] [id=12860]
  0x000001c1fc8f7000 ConcurrentGCThread "G1 Young RemSet Sampling" [stack: 0x00000013d3d00000,0x00000013d3e00000] [id=19140]

Threads with active compile tasks:
C2 CompilerThread0   6844 2106       4       java.net.URLClassLoader$1::run (5 bytes)

VM state:not at safepoint (normal execution)

VM Mutex/Monitor currently owned by a thread: None

Heap address: 0x0000000080000000, size: 2048 MB, Compressed Oops mode: 32-bit
Narrow klass base: 0x0000000000000000, Narrow klass shift: 3
Compressed class space size: 1073741824 Address: 0x0000000100000000

Heap:
 garbage-first heap   total 129024K, used 51845K [0x0000000080000000, 0x0000000100000000)
  region size 1024K, 36 young (36864K), 1 survivors (1024K)
 Metaspace       used 24152K, capacity 24805K, committed 25088K, reserved 1071104K
  class space    used 3088K, capacity 3300K, committed 3328K, reserved 1048576K
Heap Regions: E=young(eden), S=young(survivor), O=old, HS=humongous(starts), HC=humongous(continues), CS=collection set, F=free, A=archive, TAMS=top-at-mark-start (previous, next)
|   0|0x0000000080000000, 0x0000000080100000, 0x0000000080100000|100%| O|  |TAMS 0x0000000080100000, 0x0000000080000000| Untracked 
|   1|0x0000000080100000, 0x0000000080200000, 0x0000000080200000|100%| O|  |TAMS 0x0000000080200000, 0x0000000080100000| Untracked 
|   2|0x0000000080200000, 0x0000000080300000, 0x0000000080300000|100%| O|  |TAMS 0x0000000080300000, 0x0000000080200000| Untracked 
|   3|0x0000000080300000, 0x0000000080400000, 0x0000000080400000|100%|HS|  |TAMS 0x0000000080400000, 0x0000000080300000| Complete 
|   4|0x0000000080400000, 0x0000000080500000, 0x0000000080500000|100%|HC|  |TAMS 0x0000000080500000, 0x0000000080400000| Complete 
|   5|0x0000000080500000, 0x0000000080600000, 0x0000000080600000|100%|HC|  |TAMS 0x0000000080600000, 0x0000000080500000| Complete 
|   6|0x0000000080600000, 0x0000000080700000, 0x0000000080700000|100%| O|  |TAMS 0x0000000080700000, 0x0000000080600000| Untracked 
|   7|0x0000000080700000, 0x0000000080800000, 0x0000000080800000|100%| O|  |TAMS 0x0000000080800000, 0x0000000080700000| Untracked 
|   8|0x0000000080800000, 0x0000000080900000, 0x0000000080900000|100%| O|  |TAMS 0x0000000080900000, 0x0000000080800000| Untracked 
|   9|0x0000000080900000, 0x0000000080a00000, 0x0000000080a00000|100%| O|  |TAMS 0x0000000080a00000, 0x0000000080900000| Untracked 
|  10|0x0000000080a00000, 0x0000000080affff8, 0x0000000080b00000| 99%| O|  |TAMS 0x0000000080affff8, 0x0000000080a00000| Untracked 
|  11|0x0000000080b00000, 0x0000000080c00000, 0x0000000080c00000|100%| O|  |TAMS 0x0000000080c00000, 0x0000000080b00000| Untracked 
|  12|0x0000000080c00000, 0x0000000080d00000, 0x0000000080d00000|100%| O|  |TAMS 0x0000000080d00000, 0x0000000080c00000| Untracked 
|  13|0x0000000080d00000, 0x0000000080e00000, 0x0000000080e00000|100%| O|  |TAMS 0x0000000080e00000, 0x0000000080d00000| Untracked 
|  14|0x0000000080e00000, 0x0000000080f00000, 0x0000000080f00000|100%| O|  |TAMS 0x0000000080f00000, 0x0000000080e00000| Untracked 
|  15|0x0000000080f00000, 0x0000000080fe7e00, 0x0000000081000000| 90%| O|  |TAMS 0x0000000080fe7e00, 0x0000000080f00000| Untracked 
|  16|0x0000000081000000, 0x0000000081000000, 0x0000000081100000|  0%| F|  |TAMS 0x0000000081000000, 0x0000000081000000| Untracked 
|  17|0x0000000081100000, 0x0000000081100000, 0x0000000081200000|  0%| F|  |TAMS 0x0000000081100000, 0x0000000081100000| Untracked 
|  18|0x0000000081200000, 0x0000000081200000, 0x0000000081300000|  0%| F|  |TAMS 0x0000000081200000, 0x0000000081200000| Untracked 
|  19|0x0000000081300000, 0x0000000081300000, 0x0000000081400000|  0%| F|  |TAMS 0x0000000081300000, 0x0000000081300000| Untracked 
|  20|0x0000000081400000, 0x0000000081400000, 0x0000000081500000|  0%| F|  |TAMS 0x0000000081400000, 0x0000000081400000| Untracked 
|  21|0x0000000081500000, 0x0000000081500000, 0x0000000081600000|  0%| F|  |TAMS 0x0000000081500000, 0x0000000081500000| Untracked 
|  22|0x0000000081600000, 0x0000000081600000, 0x0000000081700000|  0%| F|  |TAMS 0x0000000081600000, 0x0000000081600000| Untracked 
|  23|0x0000000081700000, 0x0000000081700000, 0x0000000081800000|  0%| F|  |TAMS 0x0000000081700000, 0x0000000081700000| Untracked 
|  24|0x0000000081800000, 0x0000000081800000, 0x0000000081900000|  0%| F|  |TAMS 0x0000000081800000, 0x0000000081800000| Untracked 
|  25|0x0000000081900000, 0x0000000081900000, 0x0000000081a00000|  0%| F|  |TAMS 0x0000000081900000, 0x0000000081900000| Untracked 
|  26|0x0000000081a00000, 0x0000000081a00000, 0x0000000081b00000|  0%| F|  |TAMS 0x0000000081a00000, 0x0000000081a00000| Untracked 
|  27|0x0000000081b00000, 0x0000000081b00000, 0x0000000081c00000|  0%| F|  |TAMS 0x0000000081b00000, 0x0000000081b00000| Untracked 
|  28|0x0000000081c00000, 0x0000000081c00000, 0x0000000081d00000|  0%| F|  |TAMS 0x0000000081c00000, 0x0000000081c00000| Untracked 
|  29|0x0000000081d00000, 0x0000000081d00000, 0x0000000081e00000|  0%| F|  |TAMS 0x0000000081d00000, 0x0000000081d00000| Untracked 
|  30|0x0000000081e00000, 0x0000000081e00000, 0x0000000081f00000|  0%| F|  |TAMS 0x0000000081e00000, 0x0000000081e00000| Untracked 
|  31|0x0000000081f00000, 0x0000000081f00000, 0x0000000082000000|  0%| F|  |TAMS 0x0000000081f00000, 0x0000000081f00000| Untracked 
|  32|0x0000000082000000, 0x0000000082000000, 0x0000000082100000|  0%| F|  |TAMS 0x0000000082000000, 0x0000000082000000| Untracked 
|  33|0x0000000082100000, 0x0000000082100000, 0x0000000082200000|  0%| F|  |TAMS 0x0000000082100000, 0x0000000082100000| Untracked 
|  34|0x0000000082200000, 0x0000000082200000, 0x0000000082300000|  0%| F|  |TAMS 0x0000000082200000, 0x0000000082200000| Untracked 
|  35|0x0000000082300000, 0x0000000082300000, 0x0000000082400000|  0%| F|  |TAMS 0x0000000082300000, 0x0000000082300000| Untracked 
|  36|0x0000000082400000, 0x0000000082400000, 0x0000000082500000|  0%| F|  |TAMS 0x0000000082400000, 0x0000000082400000| Untracked 
|  37|0x0000000082500000, 0x0000000082500000, 0x0000000082600000|  0%| F|  |TAMS 0x0000000082500000, 0x0000000082500000| Untracked 
|  38|0x0000000082600000, 0x0000000082600000, 0x0000000082700000|  0%| F|  |TAMS 0x0000000082600000, 0x0000000082600000| Untracked 
|  39|0x0000000082700000, 0x0000000082700000, 0x0000000082800000|  0%| F|  |TAMS 0x0000000082700000, 0x0000000082700000| Untracked 
|  40|0x0000000082800000, 0x0000000082800000, 0x0000000082900000|  0%| F|  |TAMS 0x0000000082800000, 0x0000000082800000| Untracked 
|  41|0x0000000082900000, 0x0000000082900000, 0x0000000082a00000|  0%| F|  |TAMS 0x0000000082900000, 0x0000000082900000| Untracked 
|  42|0x0000000082a00000, 0x0000000082a00000, 0x0000000082b00000|  0%| F|  |TAMS 0x0000000082a00000, 0x0000000082a00000| Untracked 
|  43|0x0000000082b00000, 0x0000000082b00000, 0x0000000082c00000|  0%| F|  |TAMS 0x0000000082b00000, 0x0000000082b00000| Untracked 
|  44|0x0000000082c00000, 0x0000000082c00000, 0x0000000082d00000|  0%| F|  |TAMS 0x0000000082c00000, 0x0000000082c00000| Untracked 
|  45|0x0000000082d00000, 0x0000000082d00000, 0x0000000082e00000|  0%| F|  |TAMS 0x0000000082d00000, 0x0000000082d00000| Untracked 
|  46|0x0000000082e00000, 0x0000000082e00000, 0x0000000082f00000|  0%| F|  |TAMS 0x0000000082e00000, 0x0000000082e00000| Untracked 
|  47|0x0000000082f00000, 0x0000000082f00000, 0x0000000083000000|  0%| F|  |TAMS 0x0000000082f00000, 0x0000000082f00000| Untracked 
|  48|0x0000000083000000, 0x0000000083000000, 0x0000000083100000|  0%| F|  |TAMS 0x0000000083000000, 0x0000000083000000| Untracked 
|  49|0x0000000083100000, 0x0000000083100000, 0x0000000083200000|  0%| F|  |TAMS 0x0000000083100000, 0x0000000083100000| Untracked 
|  50|0x0000000083200000, 0x0000000083200000, 0x0000000083300000|  0%| F|  |TAMS 0x0000000083200000, 0x0000000083200000| Untracked 
|  51|0x0000000083300000, 0x0000000083300000, 0x0000000083400000|  0%| F|  |TAMS 0x0000000083300000, 0x0000000083300000| Untracked 
|  52|0x0000000083400000, 0x0000000083400000, 0x0000000083500000|  0%| F|  |TAMS 0x0000000083400000, 0x0000000083400000| Untracked 
|  53|0x0000000083500000, 0x0000000083500000, 0x0000000083600000|  0%| F|  |TAMS 0x0000000083500000, 0x0000000083500000| Untracked 
|  54|0x0000000083600000, 0x0000000083600000, 0x0000000083700000|  0%| F|  |TAMS 0x0000000083600000, 0x0000000083600000| Untracked 
|  55|0x0000000083700000, 0x0000000083700000, 0x0000000083800000|  0%| F|  |TAMS 0x0000000083700000, 0x0000000083700000| Untracked 
|  56|0x0000000083800000, 0x0000000083800000, 0x0000000083900000|  0%| F|  |TAMS 0x0000000083800000, 0x0000000083800000| Untracked 
|  57|0x0000000083900000, 0x0000000083900000, 0x0000000083a00000|  0%| F|  |TAMS 0x0000000083900000, 0x0000000083900000| Untracked 
|  58|0x0000000083a00000, 0x0000000083a00000, 0x0000000083b00000|  0%| F|  |TAMS 0x0000000083a00000, 0x0000000083a00000| Untracked 
|  59|0x0000000083b00000, 0x0000000083b00000, 0x0000000083c00000|  0%| F|  |TAMS 0x0000000083b00000, 0x0000000083b00000| Untracked 
|  60|0x0000000083c00000, 0x0000000083c00000, 0x0000000083d00000|  0%| F|  |TAMS 0x0000000083c00000, 0x0000000083c00000| Untracked 
|  61|0x0000000083d00000, 0x0000000083d00000, 0x0000000083e00000|  0%| F|  |TAMS 0x0000000083d00000, 0x0000000083d00000| Untracked 
|  62|0x0000000083e00000, 0x0000000083e00000, 0x0000000083f00000|  0%| F|  |TAMS 0x0000000083e00000, 0x0000000083e00000| Untracked 
|  63|0x0000000083f00000, 0x0000000083f00000, 0x0000000084000000|  0%| F|  |TAMS 0x0000000083f00000, 0x0000000083f00000| Untracked 
|  64|0x0000000084000000, 0x0000000084000000, 0x0000000084100000|  0%| F|  |TAMS 0x0000000084000000, 0x0000000084000000| Untracked 
|  65|0x0000000084100000, 0x0000000084100000, 0x0000000084200000|  0%| F|  |TAMS 0x0000000084100000, 0x0000000084100000| Untracked 
|  66|0x0000000084200000, 0x0000000084200000, 0x0000000084300000|  0%| F|  |TAMS 0x0000000084200000, 0x0000000084200000| Untracked 
|  67|0x0000000084300000, 0x0000000084300000, 0x0000000084400000|  0%| F|  |TAMS 0x0000000084300000, 0x0000000084300000| Untracked 
|  68|0x0000000084400000, 0x0000000084400000, 0x0000000084500000|  0%| F|  |TAMS 0x0000000084400000, 0x0000000084400000| Untracked 
|  69|0x0000000084500000, 0x0000000084500000, 0x0000000084600000|  0%| F|  |TAMS 0x0000000084500000, 0x0000000084500000| Untracked 
|  70|0x0000000084600000, 0x0000000084600000, 0x0000000084700000|  0%| F|  |TAMS 0x0000000084600000, 0x0000000084600000| Untracked 
|  71|0x0000000084700000, 0x0000000084700000, 0x0000000084800000|  0%| F|  |TAMS 0x0000000084700000, 0x0000000084700000| Untracked 
|  72|0x0000000084800000, 0x0000000084800000, 0x0000000084900000|  0%| F|  |TAMS 0x0000000084800000, 0x0000000084800000| Untracked 
|  73|0x0000000084900000, 0x0000000084900000, 0x0000000084a00000|  0%| F|  |TAMS 0x0000000084900000, 0x0000000084900000| Untracked 
|  74|0x0000000084a00000, 0x0000000084a00000, 0x0000000084b00000|  0%| F|  |TAMS 0x0000000084a00000, 0x0000000084a00000| Untracked 
|  75|0x0000000084b00000, 0x0000000084b00000, 0x0000000084c00000|  0%| F|  |TAMS 0x0000000084b00000, 0x0000000084b00000| Untracked 
|  76|0x0000000084c00000, 0x0000000084c00000, 0x0000000084d00000|  0%| F|  |TAMS 0x0000000084c00000, 0x0000000084c00000| Untracked 
|  77|0x0000000084d00000, 0x0000000084d00000, 0x0000000084e00000|  0%| F|  |TAMS 0x0000000084d00000, 0x0000000084d00000| Untracked 
|  78|0x0000000084e00000, 0x0000000084e00000, 0x0000000084f00000|  0%| F|  |TAMS 0x0000000084e00000, 0x0000000084e00000| Untracked 
|  79|0x0000000084f00000, 0x0000000084f00000, 0x0000000085000000|  0%| F|  |TAMS 0x0000000084f00000, 0x0000000084f00000| Untracked 
|  80|0x0000000085000000, 0x0000000085000000, 0x0000000085100000|  0%| F|  |TAMS 0x0000000085000000, 0x0000000085000000| Untracked 
|  81|0x0000000085100000, 0x0000000085100000, 0x0000000085200000|  0%| F|  |TAMS 0x0000000085100000, 0x0000000085100000| Untracked 
|  82|0x0000000085200000, 0x0000000085200000, 0x0000000085300000|  0%| F|  |TAMS 0x0000000085200000, 0x0000000085200000| Untracked 
|  83|0x0000000085300000, 0x0000000085300000, 0x0000000085400000|  0%| F|  |TAMS 0x0000000085300000, 0x0000000085300000| Untracked 
|  84|0x0000000085400000, 0x0000000085400000, 0x0000000085500000|  0%| F|  |TAMS 0x0000000085400000, 0x0000000085400000| Untracked 
|  85|0x0000000085500000, 0x0000000085500000, 0x0000000085600000|  0%| F|  |TAMS 0x0000000085500000, 0x0000000085500000| Untracked 
|  86|0x0000000085600000, 0x0000000085600000, 0x0000000085700000|  0%| F|  |TAMS 0x0000000085600000, 0x0000000085600000| Untracked 
|  87|0x0000000085700000, 0x0000000085700000, 0x0000000085800000|  0%| F|  |TAMS 0x0000000085700000, 0x0000000085700000| Untracked 
|  88|0x0000000085800000, 0x0000000085800000, 0x0000000085900000|  0%| F|  |TAMS 0x0000000085800000, 0x0000000085800000| Untracked 
|  89|0x0000000085900000, 0x0000000085900000, 0x0000000085a00000|  0%| F|  |TAMS 0x0000000085900000, 0x0000000085900000| Untracked 
|  90|0x0000000085a00000, 0x0000000085a5d0e0, 0x0000000085b00000| 36%| E|  |TAMS 0x0000000085a00000, 0x0000000085a00000| Complete 
|  91|0x0000000085b00000, 0x0000000085c00000, 0x0000000085c00000|100%| E|CS|TAMS 0x0000000085b00000, 0x0000000085b00000| Complete 
|  92|0x0000000085c00000, 0x0000000085d00000, 0x0000000085d00000|100%| E|CS|TAMS 0x0000000085c00000, 0x0000000085c00000| Complete 
|  93|0x0000000085d00000, 0x0000000085e00000, 0x0000000085e00000|100%| E|CS|TAMS 0x0000000085d00000, 0x0000000085d00000| Complete 
|  94|0x0000000085e00000, 0x0000000085f00000, 0x0000000085f00000|100%| E|CS|TAMS 0x0000000085e00000, 0x0000000085e00000| Complete 
|  95|0x0000000085f00000, 0x0000000086000000, 0x0000000086000000|100%| E|CS|TAMS 0x0000000085f00000, 0x0000000085f00000| Complete 
|  96|0x0000000086000000, 0x0000000086100000, 0x0000000086100000|100%| E|CS|TAMS 0x0000000086000000, 0x0000000086000000| Complete 
|  97|0x0000000086100000, 0x0000000086200000, 0x0000000086200000|100%| E|CS|TAMS 0x0000000086100000, 0x0000000086100000| Complete 
|  98|0x0000000086200000, 0x0000000086300000, 0x0000000086300000|100%| E|CS|TAMS 0x0000000086200000, 0x0000000086200000| Complete 
|  99|0x0000000086300000, 0x0000000086400000, 0x0000000086400000|100%| E|CS|TAMS 0x0000000086300000, 0x0000000086300000| Complete 
| 100|0x0000000086400000, 0x0000000086500000, 0x0000000086500000|100%| E|CS|TAMS 0x0000000086400000, 0x0000000086400000| Complete 
| 101|0x0000000086500000, 0x0000000086600000, 0x0000000086600000|100%| E|CS|TAMS 0x0000000086500000, 0x0000000086500000| Complete 
| 102|0x0000000086600000, 0x0000000086700000, 0x0000000086700000|100%| E|CS|TAMS 0x0000000086600000, 0x0000000086600000| Complete 
| 103|0x0000000086700000, 0x0000000086800000, 0x0000000086800000|100%| E|CS|TAMS 0x0000000086700000, 0x0000000086700000| Complete 
| 104|0x0000000086800000, 0x0000000086900000, 0x0000000086900000|100%| E|CS|TAMS 0x0000000086800000, 0x0000000086800000| Complete 
| 105|0x0000000086900000, 0x0000000086a00000, 0x0000000086a00000|100%| E|CS|TAMS 0x0000000086900000, 0x0000000086900000| Complete 
| 106|0x0000000086a00000, 0x0000000086b00000, 0x0000000086b00000|100%| E|CS|TAMS 0x0000000086a00000, 0x0000000086a00000| Complete 
| 107|0x0000000086b00000, 0x0000000086c00000, 0x0000000086c00000|100%| E|CS|TAMS 0x0000000086b00000, 0x0000000086b00000| Complete 
| 108|0x0000000086c00000, 0x0000000086d00000, 0x0000000086d00000|100%| E|CS|TAMS 0x0000000086c00000, 0x0000000086c00000| Complete 
| 109|0x0000000086d00000, 0x0000000086e00000, 0x0000000086e00000|100%| E|CS|TAMS 0x0000000086d00000, 0x0000000086d00000| Complete 
| 110|0x0000000086e00000, 0x0000000086f00000, 0x0000000086f00000|100%| E|CS|TAMS 0x0000000086e00000, 0x0000000086e00000| Complete 
| 111|0x0000000086f00000, 0x0000000087000000, 0x0000000087000000|100%| E|CS|TAMS 0x0000000086f00000, 0x0000000086f00000| Complete 
| 112|0x0000000087000000, 0x0000000087100000, 0x0000000087100000|100%| E|CS|TAMS 0x0000000087000000, 0x0000000087000000| Complete 
| 113|0x0000000087100000, 0x0000000087200000, 0x0000000087200000|100%| E|CS|TAMS 0x0000000087100000, 0x0000000087100000| Complete 
| 114|0x0000000087200000, 0x0000000087300000, 0x0000000087300000|100%| E|CS|TAMS 0x0000000087200000, 0x0000000087200000| Complete 
| 115|0x0000000087300000, 0x0000000087400000, 0x0000000087400000|100%| E|CS|TAMS 0x0000000087300000, 0x0000000087300000| Complete 
| 116|0x0000000087400000, 0x0000000087500000, 0x0000000087500000|100%| E|CS|TAMS 0x0000000087400000, 0x0000000087400000| Complete 
| 117|0x0000000087500000, 0x0000000087600000, 0x0000000087600000|100%| E|CS|TAMS 0x0000000087500000, 0x0000000087500000| Complete 
| 118|0x0000000087600000, 0x0000000087700000, 0x0000000087700000|100%| E|CS|TAMS 0x0000000087600000, 0x0000000087600000| Complete 
| 119|0x0000000087700000, 0x0000000087800000, 0x0000000087800000|100%| E|CS|TAMS 0x0000000087700000, 0x0000000087700000| Complete 
| 120|0x0000000087800000, 0x0000000087900000, 0x0000000087900000|100%| E|CS|TAMS 0x0000000087800000, 0x0000000087800000| Complete 
| 121|0x0000000087900000, 0x00000000879b9840, 0x0000000087a00000| 72%| S|CS|TAMS 0x0000000087900000, 0x0000000087900000| Complete 
| 122|0x0000000087a00000, 0x0000000087b00000, 0x0000000087b00000|100%| E|CS|TAMS 0x0000000087a00000, 0x0000000087a00000| Complete 
| 123|0x0000000087b00000, 0x0000000087c00000, 0x0000000087c00000|100%| E|CS|TAMS 0x0000000087b00000, 0x0000000087b00000| Complete 
| 124|0x0000000087c00000, 0x0000000087d00000, 0x0000000087d00000|100%| E|CS|TAMS 0x0000000087c00000, 0x0000000087c00000| Complete 
| 125|0x0000000087d00000, 0x0000000087e00000, 0x0000000087e00000|100%| E|CS|TAMS 0x0000000087d00000, 0x0000000087d00000| Complete 

Card table byte_map: [0x000001c1fd350000,0x000001c1fd750000] _byte_map_base: 0x000001c1fcf50000

Marking Bits (Prev, Next): (CMBitMap*) 0x000001c1fc85dfe0, (CMBitMap*) 0x000001c1fc85dfa8
 Prev Bits: [0x000001c192a10000, 0x000001c194a10000)
 Next Bits: [0x000001c1fdb50000, 0x000001c1ffb50000)

Polling page: 0x000001c1fc900000

Metaspace:

Usage:
  Non-class:     21.00 MB capacity,    20.57 MB ( 98%) used,   388.64 KB (  2%) free+waste,    47.69 KB ( <1%) overhead. 
      Class:      3.22 MB capacity,     3.02 MB ( 94%) used,   185.78 KB (  6%) free+waste,    24.00 KB ( <1%) overhead. 
       Both:     24.22 MB capacity,    23.59 MB ( 97%) used,   574.42 KB (  2%) free+waste,    71.69 KB ( <1%) overhead. 

Virtual space:
  Non-class space:       22.00 MB reserved,      21.25 MB ( 97%) committed 
      Class space:        1.00 GB reserved,       3.25 MB ( <1%) committed 
             Both:        1.02 GB reserved,      24.50 MB (  2%) committed 

Chunk freelists:
   Non-Class:  63.00 KB
       Class:  28.00 KB
        Both:  91.00 KB

MaxMetaspaceSize: 17179869184.00 GB
CompressedClassSpaceSize: 1.00 GB

CodeHeap 'non-profiled nmethods': size=120064Kb used=988Kb max_used=988Kb free=119075Kb
 bounds [0x000001c18b4d0000, 0x000001c18b740000, 0x000001c192a10000]
CodeHeap 'profiled nmethods': size=120000Kb used=4545Kb max_used=4545Kb free=115454Kb
 bounds [0x000001c183fa0000, 0x000001c184420000, 0x000001c18b4d0000]
CodeHeap 'non-nmethods': size=5696Kb used=1153Kb max_used=1182Kb free=4543Kb
 bounds [0x000001c183a10000, 0x000001c183c80000, 0x000001c183fa0000]
 total_blobs=2610 nmethods=2118 adapters=402
 compilation: enabled
              stopped_count=0, restarted_count=0
 full_count=0

Compilation events (20 events):
Event: 6.649 Thread 0x000001c196bea800 2114       3       sun.reflect.generics.tree.SimpleClassTypeSignature::make (11 bytes)
Event: 6.650 Thread 0x000001c196bea800 nmethod 2114 0x000001c184406890 code [0x000001c184406a60, 0x000001c184406d18]
Event: 6.650 Thread 0x000001c196bea800 2116       3       sun.reflect.generics.parser.SignatureParser::parsePackageNameAndSimpleClassTypeSignature (119 bytes)
Event: 6.655 Thread 0x000001c196bea800 nmethod 2116 0x000001c184406e10 code [0x000001c184407160, 0x000001c184408208]
Event: 6.655 Thread 0x000001c196bea800 2115       3       sun.reflect.generics.tree.SimpleClassTypeSignature::<init> (20 bytes)
Event: 6.656 Thread 0x000001c196bea800 nmethod 2115 0x000001c184408810 code [0x000001c1844089c0, 0x000001c184408bd8]
Event: 6.656 Thread 0x000001c196bea800 2117       3       sun.reflect.generics.parser.SignatureParser::parseClassTypeSignatureSuffix (29 bytes)
Event: 6.657 Thread 0x000001c196bea800 nmethod 2117 0x000001c184408c90 code [0x000001c184408e80, 0x000001c184409198]
Event: 6.657 Thread 0x000001c196bea800 2118       3       sun.reflect.generics.tree.ClassTypeSignature::make (9 bytes)
Event: 6.658 Thread 0x000001c196bea800 nmethod 2118 0x000001c184409310 code [0x000001c1844094e0, 0x000001c184409738]
Event: 6.658 Thread 0x000001c196bea800 2119       3       sun.reflect.generics.tree.ClassTypeSignature::<init> (10 bytes)
Event: 6.658 Thread 0x000001c196bea800 nmethod 2119 0x000001c184409810 code [0x000001c1844099c0, 0x000001c184409b78]
Event: 6.665 Thread 0x000001c196bea800 2120       3       jdk.internal.jimage.ImageStringsReader::hashCode (8 bytes)
Event: 6.665 Thread 0x000001c196bea800 nmethod 2120 0x000001c184409c10 code [0x000001c184409e00, 0x000001c18440a018]
Event: 6.665 Thread 0x000001c196bea800 2122  s    3       jdk.internal.jimage.BasicImageReader::findLocation (115 bytes)
Event: 6.666 Thread 0x000001c196bea800 nmethod 2122 0x000001c18440a190 code [0x000001c18440a4c0, 0x000001c18440b638]
Event: 6.666 Thread 0x000001c196bea800 2121       3       jdk.internal.module.SystemModuleFinders$SystemModuleReader::find (54 bytes)
Event: 6.668 Thread 0x000001c196bea800 nmethod 2121 0x000001c18440bc10 code [0x000001c18440bf40, 0x000001c18440cf58]
Event: 6.675 Thread 0x000001c196bea800 2123       3       java.io.Reader::<init> (27 bytes)
Event: 6.675 Thread 0x000001c196bea800 nmethod 2123 0x000001c18440d590 code [0x000001c18440d760, 0x000001c18440da48]

GC Heap History (10 events):
Event: 0.914 GC heap before
{Heap before GC invocations=0 (full 0):
 garbage-first heap   total 129024K, used 19456K [0x0000000080000000, 0x0000000100000000)
  region size 1024K, 14 young (14336K), 0 survivors (0K)
 Metaspace       used 6765K, capacity 6937K, committed 7168K, reserved 1056768K
  class space    used 584K, capacity 650K, committed 768K, reserved 1048576K
}
Event: 0.919 GC heap after
{Heap after GC invocations=1 (full 0):
 garbage-first heap   total 129024K, used 7985K [0x0000000080000000, 0x0000000100000000)
  region size 1024K, 2 young (2048K), 2 survivors (2048K)
 Metaspace       used 6765K, capacity 6937K, committed 7168K, reserved 1056768K
  class space    used 584K, capacity 650K, committed 768K, reserved 1048576K
}
Event: 1.520 GC heap before
{Heap before GC invocations=1 (full 0):
 garbage-first heap   total 129024K, used 20273K [0x0000000080000000, 0x0000000100000000)
  region size 1024K, 14 young (14336K), 2 survivors (2048K)
 Metaspace       used 10240K, capacity 10501K, committed 10624K, reserved 1058816K
  class space    used 1064K, capacity 1139K, committed 1152K, reserved 1048576K
}
Event: 1.524 GC heap after
{Heap after GC invocations=2 (full 0):
 garbage-first heap   total 129024K, used 9149K [0x0000000080000000, 0x0000000100000000)
  region size 1024K, 2 young (2048K), 2 survivors (2048K)
 Metaspace       used 10240K, capacity 10501K, committed 10624K, reserved 1058816K
  class space    used 1064K, capacity 1139K, committed 1152K, reserved 1048576K
}
Event: 2.301 GC heap before
{Heap before GC invocations=2 (full 0):
 garbage-first heap   total 129024K, used 38845K [0x0000000080000000, 0x0000000100000000)
  region size 1024K, 31 young (31744K), 2 survivors (2048K)
 Metaspace       used 11150K, capacity 11454K, committed 11520K, reserved 1058816K
  class space    used 1165K, capacity 1243K, committed 1280K, reserved 1048576K
}
Event: 2.308 GC heap after
{Heap after GC invocations=3 (full 0):
 garbage-first heap   total 129024K, used 12644K [0x0000000080000000, 0x0000000100000000)
  region size 1024K, 4 young (4096K), 4 survivors (4096K)
 Metaspace       used 11150K, capacity 11454K, committed 11520K, reserved 1058816K
  class space    used 1165K, capacity 1243K, committed 1280K, reserved 1048576K
}
Event: 5.370 GC heap before
{Heap before GC invocations=3 (full 0):
 garbage-first heap   total 129024K, used 74084K [0x0000000080000000, 0x0000000100000000)
  region size 1024K, 64 young (65536K), 4 survivors (4096K)
 Metaspace       used 20030K, capacity 20532K, committed 20864K, reserved 1067008K
  class space    used 2434K, capacity 2592K, committed 2688K, reserved 1048576K
}
Event: 5.393 GC heap after
{Heap after GC invocations=4 (full 0):
 garbage-first heap   total 129024K, used 16492K [0x0000000080000000, 0x0000000100000000)
  region size 1024K, 8 young (8192K), 8 survivors (8192K)
 Metaspace       used 20030K, capacity 20532K, committed 20864K, reserved 1067008K
  class space    used 2434K, capacity 2592K, committed 2688K, reserved 1048576K
}
Event: 5.514 GC heap before
{Heap before GC invocations=4 (full 0):
 garbage-first heap   total 129024K, used 19564K [0x0000000080000000, 0x0000000100000000)
  region size 1024K, 12 young (12288K), 8 survivors (8192K)
 Metaspace       used 20591K, capacity 21135K, committed 21296K, reserved 1069056K
  class space    used 2509K, capacity 2669K, committed 2688K, reserved 1048576K
}
Event: 5.525 GC heap after
{Heap after GC invocations=5 (full 0):
 garbage-first heap   total 129024K, used 17029K [0x0000000080000000, 0x0000000100000000)
  region size 1024K, 1 young (1024K), 1 survivors (1024K)
 Metaspace       used 20591K, capacity 21135K, committed 21296K, reserved 1069056K
  class space    used 2509K, capacity 2669K, committed 2688K, reserved 1048576K
}

Deoptimization events (20 events):
Event: 5.745 Thread 0x000001c1997ae800 Uncommon trap: trap_request=0xffffff4d fr.pc=0x000001c18b54764c relative=0x0000000000000b2c
Event: 5.745 Thread 0x000001c1997ae800 Uncommon trap: reason=unstable_if action=reinterpret pc=0x000001c18b54764c method=java.util.Properties$LineReader.readLine()I @ 249 c2
Event: 5.745 Thread 0x000001c1997ae800 DEOPT PACKING pc=0x000001c18b54764c sp=0x00000013d51fbf60
Event: 5.745 Thread 0x000001c1997ae800 DEOPT UNPACKING pc=0x000001c183a378af sp=0x00000013d51fbef0 mode 2
Event: 6.301 Thread 0x000001c1997ae800 Uncommon trap: trap_request=0xffffff4d fr.pc=0x000001c18b5b4554 relative=0x0000000000000194
Event: 6.301 Thread 0x000001c1997ae800 Uncommon trap: reason=unstable_if action=reinterpret pc=0x000001c18b5b4554 method=java.util.HashMap.getNode(ILjava/lang/Object;)Ljava/util/HashMap$Node; @ 129 c2
Event: 6.301 Thread 0x000001c1997ae800 DEOPT PACKING pc=0x000001c18b5b4554 sp=0x00000013d51fcd80
Event: 6.301 Thread 0x000001c1997ae800 DEOPT UNPACKING pc=0x000001c183a378af sp=0x00000013d51fcc90 mode 2
Event: 6.301 Thread 0x000001c1997ae800 Uncommon trap: trap_request=0xffffffc6 fr.pc=0x000001c18b5953a8 relative=0x0000000000000828
Event: 6.301 Thread 0x000001c1997ae800 Uncommon trap: reason=bimorphic_or_optimized_type_check action=maybe_recompile pc=0x000001c18b5953a8 method=java.util.HashMap.putVal(ILjava/lang/Object;Ljava/lang/Object;ZZ)Ljava/lang/Object; @ 203 c2
Event: 6.301 Thread 0x000001c1997ae800 DEOPT PACKING pc=0x000001c18b5953a8 sp=0x00000013d51fcd20
Event: 6.301 Thread 0x000001c1997ae800 DEOPT UNPACKING pc=0x000001c183a378af sp=0x00000013d51fcc58 mode 2
Event: 6.344 Thread 0x000001c1997ae800 Uncommon trap: trap_request=0xffffff4d fr.pc=0x000001c18b5400d4 relative=0x0000000000000094
Event: 6.344 Thread 0x000001c1997ae800 Uncommon trap: reason=unstable_if action=reinterpret pc=0x000001c18b5400d4 method=java.util.LinkedHashMap.afterNodeInsertion(Z)V @ 1 c2
Event: 6.344 Thread 0x000001c1997ae800 DEOPT PACKING pc=0x000001c18b5400d4 sp=0x00000013d51fc9a0
Event: 6.345 Thread 0x000001c1997ae800 DEOPT UNPACKING pc=0x000001c183a378af sp=0x00000013d51fc920 mode 2
Event: 6.351 Thread 0x000001c1997ae800 Uncommon trap: trap_request=0xffffff4d fr.pc=0x000001c18b51f600 relative=0x0000000000000240
Event: 6.355 Thread 0x000001c1997ae800 Uncommon trap: reason=unstable_if action=reinterpret pc=0x000001c18b51f600 method=java.util.concurrent.ConcurrentHashMap.get(Ljava/lang/Object;)Ljava/lang/Object; @ 76 c2
Event: 6.355 Thread 0x000001c1997ae800 DEOPT PACKING pc=0x000001c18b51f600 sp=0x00000013d51faad0
Event: 6.355 Thread 0x000001c1997ae800 DEOPT UNPACKING pc=0x000001c183a378af sp=0x00000013d51faa38 mode 2

Classes redefined (0 events):
No events

Internal exceptions (20 events):
Event: 4.766 Thread 0x000001c1997ae800 Exception <a 'java/lang/NoSuchMethodError'{0x00000000856d3168}: 'long java.lang.invoke.DirectMethodHandle$Holder.invokeInterface(java.lang.Object, java.lang.Object)'> (0x00000000856d3168) thrown at [./src/hotspot/share/interpreter/linkResolver.cpp, line 773]
Event: 4.771 Thread 0x000001c1997ae800 Exception <a 'java/lang/NoSuchMethodError'{0x00000000856f5eb0}: 'void java.lang.invoke.DelegatingMethodHandle$Holder.reinvoke_L(java.lang.Object, java.lang.Object, java.lang.Object, java.lang.Object, java.lang.Object, java.lang.Object, java.lang.Object)'> (0x00000000856f5eb0) thrown at [./src/hotspot/share/interpreter/linkResolver.cpp, line 773]
Event: 5.200 Thread 0x000001c1997ae800 Exception <a 'java/lang/NoSuchMethodError'{0x000000008469ff00}: 'java.lang.Object java.lang.invoke.DirectMethodHandle$Holder.invokeVirtual(java.lang.Object, java.lang.Object, java.lang.Object)'> (0x000000008469ff00) thrown at [./src/hotspot/share/interpreter/linkResolver.cpp, line 773]
Event: 5.252 Thread 0x000001c1997ae800 Exception <a 'java/lang/NoSuchMethodError'{0x0000000084218880}: 'void java.lang.invoke.DirectMethodHandle$Holder.invokeInterface(java.lang.Object, java.lang.Object)'> (0x0000000084218880) thrown at [./src/hotspot/share/interpreter/linkResolver.cpp, line 773]
Event: 5.253 Thread 0x000001c1997ae800 Exception <a 'java/lang/IncompatibleClassChangeError'{0x000000008421ba30}: Found class java.lang.Object, but interface was expected> (0x000000008421ba30) thrown at [./src/hotspot/share/interpreter/linkResolver.cpp, line 839]
Event: 5.273 Thread 0x000001c1997ae800 Exception <a 'java/lang/NoSuchMethodError'{0x000000008417f858}: 'void java.lang.invoke.DirectMethodHandle$Holder.invokeStaticInit(java.lang.Object)'> (0x000000008417f858) thrown at [./src/hotspot/share/interpreter/linkResolver.cpp, line 773]
Event: 5.358 Thread 0x000001c1997ae800 Exception <a 'java/lang/NoSuchMethodError'{0x0000000083fe9968}: 'java.lang.Object java.lang.invoke.DirectMethodHandle$Holder.invokeStatic(java.lang.Object, java.lang.Object, java.lang.Object, int)'> (0x0000000083fe9968) thrown at [./src/hotspot/share/interpreter/linkResolver.cpp, line 773]
Event: 5.358 Thread 0x000001c1997ae800 Exception <a 'java/lang/NoSuchMethodError'{0x0000000083fedb30}: 'java.lang.Object java.lang.invoke.DirectMethodHandle$Holder.invokeSpecial(java.lang.Object, java.lang.Object, java.lang.Object, java.lang.Object, int)'> (0x0000000083fedb30) thrown at [./src/hotspot/share/interpreter/linkResolver.cpp, line 773]
Event: 5.359 Thread 0x000001c1997ae800 Exception <a 'java/lang/NoSuchMethodError'{0x0000000083ff1518}: 'java.lang.Object java.lang.invoke.Invokers$Holder.linkToTargetMethod(java.lang.Object, java.lang.Object, int, java.lang.Object)'> (0x0000000083ff1518) thrown at [./src/hotspot/share/interpreter/linkResolver.cpp, line 773]
Event: 5.559 Thread 0x000001c1997ae800 Exception <a 'java/lang/NoSuchMethodError'{0x0000000087dd9380}: 'int java.lang.invoke.DirectMethodHandle$Holder.invokeSpecialIFC(java.lang.Object, java.lang.Object, java.lang.Object, java.lang.Object)'> (0x0000000087dd9380) thrown at [./src/hotspot/share/interpreter/linkResolver.cpp, line 773]
Event: 5.564 Thread 0x000001c1997ae800 Exception <a 'java/lang/NoSuchMethodError'{0x0000000087de7398}: 'java.lang.Object java.lang.invoke.DirectMethodHandle$Holder.invokeInterface(java.lang.Object, java.lang.Object, java.lang.Object)'> (0x0000000087de7398) thrown at [./src/hotspot/share/interpreter/linkResolver.cpp, line 773]
Event: 5.565 Thread 0x000001c1997ae800 Exception <a 'java/lang/IncompatibleClassChangeError'{0x0000000087dea8a0}: Found class java.lang.Object, but interface was expected> (0x0000000087dea8a0) thrown at [./src/hotspot/share/interpreter/linkResolver.cpp, line 839]
Event: 5.586 Thread 0x000001c1997ae800 Exception <a 'java/lang/NoSuchMethodError'{0x0000000087c9fec0}: 'void java.lang.invoke.DirectMethodHandle$Holder.invokeStatic(java.lang.Object, java.lang.Object, java.lang.Object, java.lang.Object, java.lang.Object)'> (0x0000000087c9fec0) thrown at [./src/hotspot/share/interpreter/linkResolver.cpp, line 773]
Event: 5.802 Thread 0x000001c1997ae800 Exception <a 'java/lang/NoSuchMethodError'{0x00000000876108e8}: 'void java.lang.invoke.DirectMethodHandle$Holder.invokeSpecial(java.lang.Object, java.lang.Object)'> (0x00000000876108e8) thrown at [./src/hotspot/share/interpreter/linkResolver.cpp, line 773]
Event: 5.906 Thread 0x000001c1997ae800 Exception <a 'java/lang/NoSuchMethodError'{0x0000000087442e50}: 'java.lang.Object java.lang.invoke.DirectMethodHandle$Holder.invokeSpecial(java.lang.Object, java.lang.Object, java.lang.Object, java.lang.Object, java.lang.Object, java.lang.Object, java.lang.Object, java.lang.Object, java.lang.Object)'> (0x0000000087442e50) thrown at [./src/hotspot/share/interpreter/linkResolver.cpp, line 773]
Event: 6.149 Thread 0x000001c1997ae800 Exception <a 'java/lang/NoSuchMethodError'{0x0000000086b7c268}: 'java.lang.Object java.lang.invoke.DirectMethodHandle$Holder.invokeVirtual(java.lang.Object, java.lang.Object, java.lang.Object, java.lang.Object)'> (0x0000000086b7c268) thrown at [./src/hotspot/share/interpreter/linkResolver.cpp, line 773]
Event: 6.201 Thread 0x000001c1997ae800 Exception <a 'java/lang/NoSuchMethodError'{0x000000008681a550}: 'java.lang.Object java.lang.invoke.Invokers$Holder.invoker(java.lang.Object, java.lang.Object, java.lang.Object, java.lang.Object, java.lang.Object)'> (0x000000008681a550) thrown at [./src/hotspot/share/interpreter/linkResolver.cpp, line 773]
Event: 6.461 Thread 0x000001c1997ae800 Exception <a 'java/lang/NoSuchMethodError'{0x0000000086494a30}: 'void java.lang.invoke.DirectMethodHandle$Holder.invokeSpecial(java.lang.Object, java.lang.Object, java.lang.Object, java.lang.Object, java.lang.Object, java.lang.Object)'> (0x0000000086494a30) thrown at [./src/hotspot/share/interpreter/linkResolver.cpp, line 773]
Event: 6.501 Thread 0x000001c1997ae800 Exception <a 'java/lang/NoSuchMethodError'{0x00000000864fa200}: 'void java.lang.invoke.DirectMethodHandle$Holder.invokeSpecial(java.lang.Object, java.lang.Object, java.lang.Object, java.lang.Object, java.lang.Object, java.lang.Object, java.lang.Object)'> (0x00000000864fa200) thrown at [./src/hotspot/share/interpreter/linkResolver.cpp, line 773]
Event: 6.502 Thread 0x000001c1997ae800 Exception <a 'java/lang/NoSuchMethodError'{0x0000000086302a98}: 'java.lang.Object java.lang.invoke.Invokers$Holder.linkToTargetMethod(java.lang.Object, java.lang.Object, java.lang.Object, java.lang.Object, java.lang.Object, java.lang.Object)'> (0x0000000086302a98) thrown at [./src/hotspot/share/interpreter/linkResolver.cpp, line 773]

Events (20 events):
Event: 6.695 loading class kotlin/jvm/internal/ReflectionFactory
Event: 6.695 loading class kotlin/jvm/internal/ReflectionFactory done
Event: 6.696 loading class kotlin/reflect/KClass
Event: 6.696 loading class kotlin/reflect/KClass done
Event: 6.698 loading class kotlin/reflect/KMutableProperty0
Event: 6.698 loading class kotlin/reflect/KMutableProperty0 done
Event: 6.701 loading class kotlin/reflect/KMutableProperty
Event: 6.701 loading class kotlin/reflect/KMutableProperty done
Event: 6.702 loading class kotlin/reflect/KProperty1
Event: 6.702 loading class kotlin/reflect/KProperty1 done
Event: 6.702 loading class kotlin/jvm/functions/Function1
Event: 6.702 loading class kotlin/jvm/functions/Function1 done
Event: 6.703 loading class kotlin/reflect/KMutableProperty1
Event: 6.703 loading class kotlin/reflect/KMutableProperty1 done
Event: 6.703 loading class kotlin/reflect/KMutableProperty2
Event: 6.703 loading class kotlin/reflect/KMutableProperty2 done
Event: 6.703 loading class kotlin/reflect/KProperty2
Event: 6.703 loading class kotlin/reflect/KProperty2 done
Event: 6.703 loading class kotlin/reflect/KType
Event: 6.703 loading class kotlin/reflect/KType done


Dynamic libraries:
0x00007ff645ee0000 - 0x00007ff645eea000 	C:\Program Files\Android\Android Studio\jre\bin\java.exe
0x00007ffa5d6d0000 - 0x00007ffa5d8c5000 	C:\WINDOWS\SYSTEM32\ntdll.dll
0x00007ffa5c1a0000 - 0x00007ffa5c25e000 	C:\WINDOWS\System32\KERNEL32.DLL
0x00007ffa5ade0000 - 0x00007ffa5b0a8000 	C:\WINDOWS\System32\KERNELBASE.dll
0x00007ffa5b3c0000 - 0x00007ffa5b4c0000 	C:\WINDOWS\System32\ucrtbase.dll
0x00007ffa3da20000 - 0x00007ffa3da39000 	C:\Program Files\Android\Android Studio\jre\bin\jli.dll
0x00007ffa3da00000 - 0x00007ffa3da17000 	C:\Program Files\Android\Android Studio\jre\bin\VCRUNTIME140.dll
0x00007ffa5cce0000 - 0x00007ffa5ce81000 	C:\WINDOWS\System32\USER32.dll
0x00007ffa5b520000 - 0x00007ffa5b542000 	C:\WINDOWS\System32\win32u.dll
0x00007ffa44060000 - 0x00007ffa442fa000 	C:\WINDOWS\WinSxS\amd64_microsoft.windows.common-controls_6595b64144ccf1df_6.0.19041.1110_none_60b5254171f9507e\COMCTL32.dll
0x00007ffa5bbb0000 - 0x00007ffa5bbdb000 	C:\WINDOWS\System32\GDI32.dll
0x00007ffa5bd10000 - 0x00007ffa5bdae000 	C:\WINDOWS\System32\msvcrt.dll
0x00007ffa5b600000 - 0x00007ffa5b70d000 	C:\WINDOWS\System32\gdi32full.dll
0x00007ffa5b320000 - 0x00007ffa5b3bd000 	C:\WINDOWS\System32\msvcp_win.dll
0x00007ffa5b7e0000 - 0x00007ffa5b810000 	C:\WINDOWS\System32\IMM32.DLL
0x00007ffa2c170000 - 0x00007ffa2c20d000 	C:\Program Files\Android\Android Studio\jre\bin\msvcp140.dll
0x00007ffa006d0000 - 0x00007ffa0119f000 	C:\Program Files\Android\Android Studio\jre\bin\server\jvm.dll
0x00007ffa5bdb0000 - 0x00007ffa5be5e000 	C:\WINDOWS\System32\ADVAPI32.dll
0x00007ffa5bb00000 - 0x00007ffa5bb9c000 	C:\WINDOWS\System32\sechost.dll
0x00007ffa5b9d0000 - 0x00007ffa5baf5000 	C:\WINDOWS\System32\RPCRT4.dll
0x00007ffa5bba0000 - 0x00007ffa5bba8000 	C:\WINDOWS\System32\PSAPI.DLL
0x00007ffa456e0000 - 0x00007ffa45707000 	C:\WINDOWS\SYSTEM32\WINMM.dll
0x00007ffa52d40000 - 0x00007ffa52d4a000 	C:\WINDOWS\SYSTEM32\VERSION.dll
0x00007ffa556d0000 - 0x00007ffa556d9000 	C:\WINDOWS\SYSTEM32\WSOCK32.dll
0x00007ffa5c050000 - 0x00007ffa5c0bb000 	C:\WINDOWS\System32\WS2_32.dll
0x00007ffa58cd0000 - 0x00007ffa58ce2000 	C:\WINDOWS\SYSTEM32\kernel.appcore.dll
0x00007ffa54570000 - 0x00007ffa54581000 	C:\Program Files\Android\Android Studio\jre\bin\verify.dll
0x00007ffa45ec0000 - 0x00007ffa460a4000 	C:\WINDOWS\SYSTEM32\DBGHELP.DLL
0x00007ffa45dd0000 - 0x00007ffa45dfc000 	C:\WINDOWS\SYSTEM32\dbgcore.DLL
0x00007ffa5b290000 - 0x00007ffa5b312000 	C:\WINDOWS\System32\bcryptPrimitives.dll
0x00007ffa37710000 - 0x00007ffa37739000 	C:\Program Files\Android\Android Studio\jre\bin\java.dll
0x00007ffa3c820000 - 0x00007ffa3c82b000 	C:\Program Files\Android\Android Studio\jre\bin\jimage.dll
0x00007ffa376f0000 - 0x00007ffa37708000 	C:\Program Files\Android\Android Studio\jre\bin\zip.dll
0x00007ffa5cf40000 - 0x00007ffa5d684000 	C:\WINDOWS\System32\SHELL32.dll
0x00007ffa58ed0000 - 0x00007ffa59665000 	C:\WINDOWS\SYSTEM32\windows.storage.dll
0x00007ffa5c260000 - 0x00007ffa5c5b5000 	C:\WINDOWS\System32\combase.dll
0x00007ffa5a830000 - 0x00007ffa5a85e000 	C:\WINDOWS\SYSTEM32\Wldp.dll
0x00007ffa5bbe0000 - 0x00007ffa5bc8d000 	C:\WINDOWS\System32\SHCORE.dll
0x00007ffa5c140000 - 0x00007ffa5c195000 	C:\WINDOWS\System32\shlwapi.dll
0x00007ffa5ad20000 - 0x00007ffa5ad3f000 	C:\WINDOWS\SYSTEM32\profapi.dll
0x00007ffa2b300000 - 0x00007ffa2b31a000 	C:\Program Files\Android\Android Studio\jre\bin\net.dll
0x00007ffa46760000 - 0x00007ffa4686c000 	C:\WINDOWS\SYSTEM32\WINHTTP.dll
0x00007ffa5a590000 - 0x00007ffa5a5fa000 	C:\WINDOWS\system32\mswsock.dll
0x00007ffa2b2e0000 - 0x00007ffa2b2f4000 	C:\Program Files\Android\Android Studio\jre\bin\nio.dll
0x00007ffa3e530000 - 0x00007ffa3e557000 	C:\Users\ryo88\.gradle\native\8bec1ad78214c89d9ad589b4d07fe93259594b29d510b10fafb7a158f7737e5d\windows-amd64\native-platform.dll
0x00007ffa3e3a0000 - 0x00007ffa3e4dd000 	C:\Users\ryo88\.gradle\native\53dbd7edfb1c66fb8903c78663c9afc45aea4f116125fa6feffd364cf09443e8\windows-amd64\native-platform-file-events.dll
0x00007ffa381e0000 - 0x00007ffa381ea000 	C:\Program Files\Android\Android Studio\jre\bin\management.dll
0x00007ffa370a0000 - 0x00007ffa370ac000 	C:\Program Files\Android\Android Studio\jre\bin\management_ext.dll
0x00007ffa5a780000 - 0x00007ffa5a798000 	C:\WINDOWS\SYSTEM32\CRYPTSP.dll
0x00007ffa59ea0000 - 0x00007ffa59ed4000 	C:\WINDOWS\system32\rsaenh.dll
0x00007ffa5b260000 - 0x00007ffa5b287000 	C:\WINDOWS\System32\bcrypt.dll
0x00007ffa5aca0000 - 0x00007ffa5acce000 	C:\WINDOWS\SYSTEM32\USERENV.dll
0x00007ffa5a7a0000 - 0x00007ffa5a7ac000 	C:\WINDOWS\SYSTEM32\CRYPTBASE.dll
0x00007ffa5a230000 - 0x00007ffa5a26b000 	C:\WINDOWS\SYSTEM32\IPHLPAPI.DLL
0x00007ffa5c5c0000 - 0x00007ffa5c5c8000 	C:\WINDOWS\System32\NSI.dll
0x00007ffa51870000 - 0x00007ffa51887000 	C:\WINDOWS\SYSTEM32\dhcpcsvc6.DLL
0x00007ffa522d0000 - 0x00007ffa522ed000 	C:\WINDOWS\SYSTEM32\dhcpcsvc.DLL
0x00007ffa5a2d0000 - 0x00007ffa5a39b000 	C:\WINDOWS\SYSTEM32\DNSAPI.dll

dbghelp: loaded successfully - version: 4.0.5 - missing functions: none
symbol engine: initialized successfully - sym options: 0x614 - pdb path: .;C:\Program Files\Android\Android Studio\jre\bin;C:\WINDOWS\SYSTEM32;C:\WINDOWS\WinSxS\amd64_microsoft.windows.common-controls_6595b64144ccf1df_6.0.19041.1110_none_60b5254171f9507e;C:\Program Files\Android\Android Studio\jre\bin\server;C:\Users\ryo88\.gradle\native\8bec1ad78214c89d9ad589b4d07fe93259594b29d510b10fafb7a158f7737e5d\windows-amd64;C:\Users\ryo88\.gradle\native\53dbd7edfb1c66fb8903c78663c9afc45aea4f116125fa6feffd364cf09443e8\windows-amd64

VM Arguments:
jvm_args: --add-opens=java.base/java.util=ALL-UNNAMED --add-opens=java.base/java.lang=ALL-UNNAMED --add-opens=java.base/java.lang.invoke=ALL-UNNAMED --add-opens=java.base/java.util=ALL-UNNAMED --add-opens=java.prefs/java.util.prefs=ALL-UNNAMED --add-opens=java.prefs/java.util.prefs=ALL-UNNAMED --add-opens=java.base/java.nio.charset=ALL-UNNAMED --add-opens=java.base/java.net=ALL-UNNAMED --add-opens=java.base/java.util.concurrent.atomic=ALL-UNNAMED -Xmx2048m -Dfile.encoding=UTF-8 -Duser.country=PL -Duser.language=pl -Duser.variant 
java_command: org.gradle.launcher.daemon.bootstrap.GradleDaemon 7.0.2
java_class_path (initial): C:\Users\ryo88\.gradle\wrapper\dists\gradle-7.0.2-bin\857tjihv64xamwrf0h14cai3r\gradle-7.0.2\lib\gradle-launcher-7.0.2.jar
Launcher Type: SUN_STANDARD

[Global flags]
     intx CICompilerCount                          = 3                                         {product} {ergonomic}
     uint ConcGCThreads                            = 1                                         {product} {ergonomic}
     uint G1ConcRefinementThreads                  = 4                                         {product} {ergonomic}
   size_t G1HeapRegionSize                         = 1048576                                   {product} {ergonomic}
    uintx GCDrainStackTargetSize                   = 64                                        {product} {ergonomic}
   size_t InitialHeapSize                          = 132120576                                 {product} {ergonomic}
   size_t MarkStackSize                            = 4194304                                   {product} {ergonomic}
   size_t MaxHeapSize                              = 2147483648                                {product} {command line}
   size_t MaxNewSize                               = 1287651328                                {product} {ergonomic}
   size_t MinHeapDeltaBytes                        = 1048576                                   {product} {ergonomic}
    uintx NonNMethodCodeHeapSize                   = 5830732                                {pd product} {ergonomic}
    uintx NonProfiledCodeHeapSize                  = 122913754                              {pd product} {ergonomic}
    uintx ProfiledCodeHeapSize                     = 122913754                              {pd product} {ergonomic}
    uintx ReservedCodeCacheSize                    = 251658240                              {pd product} {ergonomic}
     bool SegmentedCodeCache                       = true                                      {product} {ergonomic}
     bool UseCompressedClassPointers               = true                                 {lp64_product} {ergonomic}
     bool UseCompressedOops                        = true                                 {lp64_product} {ergonomic}
     bool UseG1GC                                  = true                                      {product} {ergonomic}
     bool UseLargePagesIndividualAllocation        = false                                  {pd product} {ergonomic}

Logging:
Log output configuration:
 #0: stdout all=warning uptime,level,tags
 #1: stderr all=off uptime,level,tags

Environment Variables:
JAVA_HOME=C:\Program Files\Java\jdk-15.0.1
PATH=C:\Program Files\Common Files\Oracle\Java\javapath;C:\WINDOWS\system32;C:\WINDOWS;C:\WINDOWS\System32\Wbem;C:\WINDOWS\System32\WindowsPowerShell\v1.0\;C:\WINDOWS\System32\OpenSSH\;C:\Program Files\Java\jdk-15.0.1\bin;C:\Program Files\Git\cmd;C:\Users\ryo88\AppData\Local\Microsoft\WindowsApps;
USERNAME=ryo88
OS=Windows_NT
PROCESSOR_IDENTIFIER=Intel64 Family 6 Model 142 Stepping 9, GenuineIntel



---------------  S Y S T E M  ---------------

OS: Windows 10 , 64 bit Build 19041 (10.0.19041.1466)
OS uptime: 2 days 5:17 hours

CPU:total 4 (initial active 4) (2 cores per cpu, 2 threads per core) family 6 model 142 stepping 9 microcode 0xb4, cmov, cx8, fxsr, mmx, sse, sse2, sse3, ssse3, sse4.1, sse4.2, popcnt, avx, avx2, aes, clmul, erms, 3dnowpref, lzcnt, ht, tsc, tscinvbit, bmi1, bmi2, adx, fma

Memory: 4k page, system-wide physical 8060M (195M free)
TotalPageFile size 32636M (AvailPageFile size 4M)
current process WorkingSet (physical memory assigned to process): 185M, peak: 185M
current process commit charge ("private bytes"): 259M, peak: 260M

vm_info: OpenJDK 64-Bit Server VM (11.0.10+0-b96-7249189) for windows-amd64 JRE (11.0.10+0-b96-7249189), built on Mar 31 2021 21:44:00 by "builder" with MS VC++ 14.0 (VS2015)

END.
